<?xml version="1.0" encoding="UTF-8"?>
<coverage generated="1588518822978" clover="3.2.0">
  <project timestamp="1588518822978" name="All files">
    <metrics statements="283" coveredstatements="134" conditionals="173" coveredconditionals="63" methods="60" coveredmethods="25" elements="516" coveredelements="222" complexity="0" loc="283" ncloc="283" packages="6" files="8" classes="8">
      <package name=".temp.common">
        <metrics statements="91" coveredstatements="18" conditionals="52" coveredconditionals="11" methods="28" coveredmethods="4"/>
        <file name="component.js" path="/Users/liaohuanyu/项目/效率工具/taro/taro-x/.temp/common/component.js">
          <metrics statements="14" coveredstatements="12" conditionals="14" coveredconditionals="10" methods="3" coveredmethods="3"/>
          <line num="10" count="3" type="stmt"/>
          <line num="11" count="4" type="cond" truecount="4" falsecount="0"/>
          <line num="12" count="2" type="stmt"/>
          <line num="13" count="2" type="stmt"/>
          <line num="15" count="2" type="stmt"/>
          <line num="16" count="2" type="stmt"/>
          <line num="18" count="2" type="stmt"/>
          <line num="19" count="2" type="cond" truecount="2" falsecount="2"/>
          <line num="20" count="0" type="stmt"/>
          <line num="22" count="2" type="stmt"/>
          <line num="32" count="2" type="cond" truecount="4" falsecount="2"/>
          <line num="33" count="0" type="stmt"/>
          <line num="35" count="2" type="stmt"/>
          <line num="38" count="3" type="stmt"/>
        </file>
        <file name="utils.js" path="/Users/liaohuanyu/项目/效率工具/taro/taro-x/.temp/common/utils.js">
          <metrics statements="77" coveredstatements="6" conditionals="38" coveredconditionals="1" methods="25" coveredmethods="1"/>
          <line num="2" count="2" type="stmt"/>
          <line num="4" count="0" type="stmt"/>
          <line num="5" count="0" type="cond" truecount="0" falsecount="2"/>
          <line num="6" count="0" type="stmt"/>
          <line num="7" count="0" type="stmt"/>
          <line num="9" count="0" type="stmt"/>
          <line num="11" count="0" type="stmt"/>
          <line num="15" count="0" type="cond" truecount="0" falsecount="2"/>
          <line num="16" count="0" type="stmt"/>
          <line num="17" count="0" type="stmt"/>
          <line num="18" count="0" type="stmt"/>
          <line num="19" count="0" type="stmt"/>
          <line num="20" count="0" type="stmt"/>
          <line num="26" count="0" type="stmt"/>
          <line num="27" count="0" type="stmt"/>
          <line num="28" count="0" type="stmt"/>
          <line num="29" count="0" type="stmt"/>
          <line num="35" count="0" type="cond" truecount="0" falsecount="4"/>
          <line num="36" count="0" type="stmt"/>
          <line num="37" count="0" type="stmt"/>
          <line num="38" count="0" type="stmt"/>
          <line num="39" count="0" type="stmt"/>
          <line num="40" count="0" type="stmt"/>
          <line num="46" count="0" type="stmt"/>
          <line num="47" count="0" type="stmt"/>
          <line num="48" count="0" type="stmt"/>
          <line num="49" count="0" type="cond" truecount="0" falsecount="2"/>
          <line num="50" count="0" type="cond" truecount="0" falsecount="2"/>
          <line num="52" count="0" type="stmt"/>
          <line num="58" count="0" type="stmt"/>
          <line num="59" count="0" type="stmt"/>
          <line num="62" count="0" type="stmt"/>
          <line num="63" count="0" type="cond" truecount="0" falsecount="2"/>
          <line num="64" count="0" type="stmt"/>
          <line num="65" count="0" type="cond" truecount="0" falsecount="2"/>
          <line num="69" count="0" type="stmt"/>
          <line num="73" count="0" type="cond" truecount="0" falsecount="5"/>
          <line num="75" count="0" type="stmt"/>
          <line num="85" count="0" type="stmt"/>
          <line num="87" count="0" type="stmt"/>
          <line num="97" count="0" type="stmt"/>
          <line num="99" count="0" type="stmt"/>
          <line num="109" count="0" type="stmt"/>
          <line num="111" count="0" type="stmt"/>
          <line num="121" count="0" type="stmt"/>
          <line num="123" count="0" type="stmt"/>
          <line num="133" count="0" type="stmt"/>
          <line num="134" count="0" type="stmt"/>
          <line num="136" count="0" type="stmt"/>
          <line num="139" count="1" type="cond" truecount="1" falsecount="1"/>
          <line num="140" count="1" type="stmt"/>
          <line num="144" count="0" type="stmt"/>
          <line num="146" count="2" type="stmt"/>
          <line num="151" count="0" type="cond" truecount="0" falsecount="2"/>
          <line num="152" count="0" type="stmt"/>
          <line num="158" count="0" type="stmt"/>
          <line num="159" count="0" type="stmt"/>
          <line num="162" count="0" type="cond" truecount="0" falsecount="2"/>
          <line num="163" count="0" type="stmt"/>
          <line num="165" count="0" type="cond" truecount="0" falsecount="2"/>
          <line num="167" count="0" type="stmt"/>
          <line num="169" count="0" type="stmt"/>
          <line num="171" count="0" type="stmt"/>
          <line num="173" count="0" type="stmt"/>
          <line num="174" count="0" type="stmt"/>
          <line num="177" count="0" type="stmt"/>
          <line num="181" count="0" type="cond" truecount="0" falsecount="2"/>
          <line num="182" count="0" type="stmt"/>
          <line num="189" count="2" type="cond" truecount="0" falsecount="1"/>
          <line num="190" count="0" type="stmt"/>
          <line num="191" count="0" type="stmt"/>
          <line num="192" count="0" type="stmt"/>
          <line num="193" count="0" type="stmt"/>
          <line num="195" count="2" type="stmt"/>
          <line num="196" count="0" type="stmt"/>
          <line num="197" count="0" type="stmt"/>
          <line num="199" count="0" type="stmt"/>
        </file>
      </package>
      <package name=".temp.components.avatar">
        <metrics statements="16" coveredstatements="15" conditionals="11" coveredconditionals="7" methods="2" coveredmethods="2"/>
        <file name="index.js" path="/Users/liaohuanyu/项目/效率工具/taro/taro-x/.temp/components/avatar/index.js">
          <metrics statements="16" coveredstatements="15" conditionals="11" coveredconditionals="7" methods="2" coveredmethods="2"/>
          <line num="6" count="1" type="stmt"/>
          <line num="13" count="6" type="stmt"/>
          <line num="14" count="6" type="stmt"/>
          <line num="19" count="6" type="stmt"/>
          <line num="20" count="6" type="stmt"/>
          <line num="21" count="6" type="cond" truecount="1" falsecount="1"/>
          <line num="22" count="6" type="stmt"/>
          <line num="26" count="6" type="stmt"/>
          <line num="27" count="6" type="cond" truecount="2" falsecount="0"/>
          <line num="29" count="6" type="cond" truecount="2" falsecount="3"/>
          <line num="30" count="0" type="stmt"/>
          <line num="31" count="6" type="cond" truecount="2" falsecount="0"/>
          <line num="32" count="1" type="stmt"/>
          <line num="34" count="5" type="stmt"/>
          <line num="36" count="6" type="stmt"/>
          <line num="41" count="1" type="stmt"/>
        </file>
      </package>
      <package name=".temp.components.divider">
        <metrics statements="11" coveredstatements="11" conditionals="10" coveredconditionals="8" methods="4" coveredmethods="3"/>
        <file name="index.js" path="/Users/liaohuanyu/项目/效率工具/taro/taro-x/.temp/components/divider/index.js">
          <metrics statements="11" coveredstatements="11" conditionals="10" coveredconditionals="8" methods="4" coveredmethods="3"/>
          <line num="7" count="1" type="stmt"/>
          <line num="10" count="2" type="stmt"/>
          <line num="11" count="2" type="stmt"/>
          <line num="14" count="1" type="cond" truecount="2" falsecount="0"/>
          <line num="17" count="2" type="stmt"/>
          <line num="18" count="2" type="stmt"/>
          <line num="21" count="2" type="stmt"/>
          <line num="25" count="2" type="stmt"/>
          <line num="29" count="2" type="stmt"/>
          <line num="30" count="2" type="cond" truecount="2" falsecount="0"/>
          <line num="38" count="1" type="stmt"/>
        </file>
      </package>
      <package name=".temp.components.picker">
        <metrics statements="101" coveredstatements="62" conditionals="82" coveredconditionals="31" methods="17" coveredmethods="12"/>
        <file name="date.js" path="/Users/liaohuanyu/项目/效率工具/taro/taro-x/.temp/components/picker/date.js">
          <metrics statements="7" coveredstatements="4" conditionals="17" coveredconditionals="7" methods="2" coveredmethods="2"/>
          <line num="10" count="6" type="cond" truecount="1" falsecount="1"/>
          <line num="11" count="0" type="stmt"/>
          <line num="12" count="0" type="cond" truecount="0" falsecount="2"/>
          <line num="22" count="2" type="cond" truecount="5" falsecount="1"/>
          <line num="23" count="2" type="cond" truecount="1" falsecount="1"/>
          <line num="24" count="0" type="cond" truecount="0" falsecount="5"/>
          <line num="26" count="2" type="stmt"/>
        </file>
        <file name="index.js" path="/Users/liaohuanyu/项目/效率工具/taro/taro-x/.temp/components/picker/index.js">
          <metrics statements="94" coveredstatements="58" conditionals="65" coveredconditionals="24" methods="15" coveredmethods="10"/>
          <line num="17" count="2" type="stmt"/>
          <line num="22" count="2" type="stmt"/>
          <line num="23" count="2" type="stmt"/>
          <line num="24" count="2" type="stmt"/>
          <line num="25" count="2" type="stmt"/>
          <line num="33" count="2" type="stmt"/>
          <line num="35" count="2" type="cond" truecount="0" falsecount="2"/>
          <line num="37" count="2" type="stmt"/>
          <line num="39" count="2" type="stmt"/>
          <line num="40" count="2" type="stmt"/>
          <line num="42" count="2" type="cond" truecount="1" falsecount="1"/>
          <line num="43" count="2" type="cond" truecount="1" falsecount="1"/>
          <line num="44" count="2" type="cond" truecount="1" falsecount="1"/>
          <line num="46" count="2" type="cond" truecount="3" falsecount="1"/>
          <line num="47" count="2" type="stmt"/>
          <line num="48" count="2" type="stmt"/>
          <line num="49" count="2" type="stmt"/>
          <line num="50" count="2" type="stmt"/>
          <line num="51" count="2" type="cond" truecount="2" falsecount="4"/>
          <line num="52" count="2" type="stmt"/>
          <line num="60" count="0" type="stmt"/>
          <line num="63" count="2" type="stmt"/>
          <line num="66" count="0" type="stmt"/>
          <line num="67" count="0" type="stmt"/>
          <line num="68" count="0" type="cond" truecount="0" falsecount="2"/>
          <line num="69" count="0" type="stmt"/>
          <line num="71" count="0" type="cond" truecount="0" falsecount="2"/>
          <line num="72" count="0" type="stmt"/>
          <line num="78" count="1" type="cond" truecount="1" falsecount="1"/>
          <line num="79" count="1" type="stmt"/>
          <line num="81" count="0" type="stmt"/>
          <line num="87" count="6" type="stmt"/>
          <line num="88" count="6" type="stmt"/>
          <line num="89" count="2146" type="stmt"/>
          <line num="91" count="6" type="stmt"/>
          <line num="97" count="2" type="stmt"/>
          <line num="98" count="2" type="stmt"/>
          <line num="100" count="2" type="cond" truecount="1" falsecount="1"/>
          <line num="102" count="0" type="stmt"/>
          <line num="103" count="0" type="stmt"/>
          <line num="104" count="2" type="cond" truecount="1" falsecount="1"/>
          <line num="105" count="0" type="stmt"/>
          <line num="106" count="0" type="stmt"/>
          <line num="107" count="2" type="cond" truecount="1" falsecount="1"/>
          <line num="108" count="0" type="stmt"/>
          <line num="109" count="0" type="stmt"/>
          <line num="111" count="2" type="stmt"/>
          <line num="117" count="2" type="stmt"/>
          <line num="118" count="2" type="stmt"/>
          <line num="119" count="2" type="cond" truecount="2" falsecount="2"/>
          <line num="120" count="0" type="stmt"/>
          <line num="122" count="2" type="cond" truecount="2" falsecount="2"/>
          <line num="123" count="0" type="stmt"/>
          <line num="125" count="2" type="stmt"/>
          <line num="128" count="2" type="stmt"/>
          <line num="129" count="2" type="stmt"/>
          <line num="132" count="2" type="stmt"/>
          <line num="133" count="2" type="stmt"/>
          <line num="134" count="2" type="stmt"/>
          <line num="135" count="2" type="stmt"/>
          <line num="136" count="2" type="stmt"/>
          <line num="138" count="2" type="stmt"/>
          <line num="155" count="2" type="stmt"/>
          <line num="156" count="2" type="cond" truecount="1" falsecount="1"/>
          <line num="158" count="2" type="stmt"/>
          <line num="159" count="0" type="cond" truecount="0" falsecount="2"/>
          <line num="161" count="0" type="stmt"/>
          <line num="163" count="0" type="stmt"/>
          <line num="166" count="0" type="stmt"/>
          <line num="168" count="0" type="stmt"/>
          <line num="170" count="0" type="stmt"/>
          <line num="174" count="1" type="stmt"/>
          <line num="177" count="1" type="stmt"/>
          <line num="180" count="0" type="stmt"/>
          <line num="183" count="0" type="stmt"/>
          <line num="184" count="0" type="stmt"/>
          <line num="185" count="0" type="stmt"/>
          <line num="186" count="0" type="cond" truecount="0" falsecount="2"/>
          <line num="187" count="0" type="stmt"/>
          <line num="188" count="0" type="cond" truecount="0" falsecount="2"/>
          <line num="189" count="0" type="stmt"/>
          <line num="190" count="0" type="cond" truecount="0" falsecount="2"/>
          <line num="191" count="0" type="stmt"/>
          <line num="193" count="0" type="stmt"/>
          <line num="196" count="2" type="stmt"/>
          <line num="198" count="2" type="stmt"/>
          <line num="200" count="2" type="stmt"/>
          <line num="201" count="2" type="stmt"/>
          <line num="202" count="2" type="cond" truecount="1" falsecount="1"/>
          <line num="203" count="2" type="stmt"/>
          <line num="204" count="0" type="cond" truecount="0" falsecount="2"/>
          <line num="205" count="0" type="stmt"/>
          <line num="207" count="0" type="stmt"/>
          <line num="211" count="1" type="stmt"/>
        </file>
      </package>
      <package name=".temp.components.picker.pick-group">
        <metrics statements="63" coveredstatements="27" conditionals="18" coveredconditionals="6" methods="9" coveredmethods="4"/>
        <file name="index.js" path="/Users/liaohuanyu/项目/效率工具/taro/taro-x/.temp/components/picker/pick-group/index.js">
          <metrics statements="63" coveredstatements="27" conditionals="18" coveredconditionals="6" methods="9" coveredmethods="4"/>
          <line num="7" count="1" type="stmt"/>
          <line num="8" count="1" type="stmt"/>
          <line num="9" count="1" type="stmt"/>
          <line num="10" count="1" type="stmt"/>
          <line num="13" count="1" type="stmt"/>
          <line num="14" count="1" type="stmt"/>
          <line num="18" count="2" type="stmt"/>
          <line num="19" count="2" type="stmt"/>
          <line num="20" count="2" type="stmt"/>
          <line num="26" count="0" type="stmt"/>
          <line num="27" count="0" type="stmt"/>
          <line num="28" count="0" type="stmt"/>
          <line num="34" count="2" type="cond" truecount="1" falsecount="1"/>
          <line num="35" count="2" type="stmt"/>
          <line num="40" count="2" type="stmt"/>
          <line num="41" count="0" type="stmt"/>
          <line num="43" count="0" type="stmt"/>
          <line num="44" count="0" type="stmt"/>
          <line num="45" count="0" type="stmt"/>
          <line num="47" count="2" type="stmt"/>
          <line num="52" count="0" type="stmt"/>
          <line num="54" count="0" type="stmt"/>
          <line num="56" count="0" type="stmt"/>
          <line num="58" count="0" type="stmt"/>
          <line num="60" count="0" type="stmt"/>
          <line num="62" count="0" type="stmt"/>
          <line num="64" count="0" type="cond" truecount="0" falsecount="2"/>
          <line num="67" count="0" type="stmt"/>
          <line num="68" count="0" type="stmt"/>
          <line num="73" count="0" type="stmt"/>
          <line num="75" count="2" type="stmt"/>
          <line num="76" count="0" type="stmt"/>
          <line num="77" count="0" type="stmt"/>
          <line num="78" count="0" type="stmt"/>
          <line num="79" count="0" type="stmt"/>
          <line num="80" count="0" type="stmt"/>
          <line num="81" count="0" type="stmt"/>
          <line num="82" count="0" type="stmt"/>
          <line num="83" count="0" type="stmt"/>
          <line num="86" count="0" type="cond" truecount="0" falsecount="2"/>
          <line num="91" count="0" type="stmt"/>
          <line num="94" count="0" type="stmt"/>
          <line num="95" count="0" type="stmt"/>
          <line num="98" count="0" type="stmt"/>
          <line num="102" count="0" type="cond" truecount="0" falsecount="2"/>
          <line num="103" count="0" type="cond" truecount="0" falsecount="2"/>
          <line num="105" count="0" type="stmt"/>
          <line num="106" count="0" type="stmt"/>
          <line num="108" count="0" type="stmt"/>
          <line num="109" count="0" type="stmt"/>
          <line num="113" count="2" type="stmt"/>
          <line num="114" count="2" type="cond" truecount="1" falsecount="1"/>
          <line num="115" count="2" type="cond" truecount="1" falsecount="1"/>
          <line num="116" count="2" type="stmt"/>
          <line num="117" count="2" type="stmt"/>
          <line num="119" count="2" type="cond" truecount="1" falsecount="1"/>
          <line num="121" count="2" type="stmt"/>
          <line num="122" count="22" type="stmt"/>
          <line num="125" count="22" type="cond" truecount="2" falsecount="0"/>
          <line num="126" count="2" type="stmt"/>
          <line num="128" count="22" type="stmt"/>
          <line num="131" count="2" type="stmt"/>
          <line num="142" count="1" type="stmt"/>
        </file>
      </package>
      <package name="__mock__">
        <metrics statements="1" coveredstatements="1" conditionals="0" coveredconditionals="0" methods="0" coveredmethods="0"/>
        <file name="styleMock.js" path="/Users/liaohuanyu/项目/效率工具/taro/taro-x/__mock__/styleMock.js">
          <metrics statements="1" coveredstatements="1" conditionals="0" coveredconditionals="0" methods="0" coveredmethods="0"/>
          <line num="1" count="3" type="stmt"/>
        </file>
      </package>
    </metrics>
  </project>
</coverage>
