{"/Users/liaohuanyu/项目/效率工具/taro/taro-x/.temp/common/component.js": {"path":"/Users/liaohuanyu/项目/效率工具/taro/taro-x/.temp/common/component.js","statementMap":{"0":{"start":{"line":10,"column":23},"end":{"line":23,"column":1}},"1":{"start":{"line":11,"column":2},"end":{"line":21,"column":3}},"2":{"start":{"line":12,"column":19},"end":{"line":12,"column":21}},"3":{"start":{"line":13,"column":4},"end":{"line":17,"column":7}},"4":{"start":{"line":15,"column":27},"end":{"line":15,"column":71}},"5":{"start":{"line":16,"column":6},"end":{"line":16,"column":51}},"6":{"start":{"line":18,"column":4},"end":{"line":18,"column":20}},"7":{"start":{"line":19,"column":9},"end":{"line":21,"column":3}},"8":{"start":{"line":20,"column":4},"end":{"line":20,"column":17}},"9":{"start":{"line":22,"column":2},"end":{"line":22,"column":12}},"10":{"start":{"line":32,"column":4},"end":{"line":34,"column":5}},"11":{"start":{"line":33,"column":6},"end":{"line":33,"column":47}},"12":{"start":{"line":35,"column":4},"end":{"line":35,"column":59}},"13":{"start":{"line":38,"column":0},"end":{"line":40,"column":2}}},"fnMap":{"0":{"name":"(anonymous_0)","decl":{"start":{"line":10,"column":23},"end":{"line":10,"column":24}},"loc":{"start":{"line":10,"column":32},"end":{"line":23,"column":1}},"line":10},"1":{"name":"(anonymous_1)","decl":{"start":{"line":13,"column":31},"end":{"line":13,"column":32}},"loc":{"start":{"line":13,"column":38},"end":{"line":17,"column":5}},"line":13},"2":{"name":"(anonymous_2)","decl":{"start":{"line":31,"column":2},"end":{"line":31,"column":3}},"loc":{"start":{"line":31,"column":29},"end":{"line":36,"column":3}},"line":31}},"branchMap":{"0":{"loc":{"start":{"line":11,"column":2},"end":{"line":21,"column":3}},"type":"if","locations":[{"start":{"line":11,"column":2},"end":{"line":21,"column":3}},{"start":{"line":11,"column":2},"end":{"line":21,"column":3}}],"line":11},"1":{"loc":{"start":{"line":11,"column":6},"end":{"line":11,"column":40}},"type":"binary-expr","locations":[{"start":{"line":11,"column":6},"end":{"line":11,"column":11}},{"start":{"line":11,"column":15},"end":{"line":11,"column":40}}],"line":11},"2":{"loc":{"start":{"line":19,"column":9},"end":{"line":21,"column":3}},"type":"if","locations":[{"start":{"line":19,"column":9},"end":{"line":21,"column":3}},{"start":{"line":19,"column":9},"end":{"line":21,"column":3}}],"line":19},"3":{"loc":{"start":{"line":19,"column":13},"end":{"line":19,"column":47}},"type":"binary-expr","locations":[{"start":{"line":19,"column":13},"end":{"line":19,"column":18}},{"start":{"line":19,"column":22},"end":{"line":19,"column":47}}],"line":19},"4":{"loc":{"start":{"line":32,"column":4},"end":{"line":34,"column":5}},"type":"if","locations":[{"start":{"line":32,"column":4},"end":{"line":34,"column":5}},{"start":{"line":32,"column":4},"end":{"line":34,"column":5}}],"line":32},"5":{"loc":{"start":{"line":32,"column":8},"end":{"line":32,"column":84}},"type":"binary-expr","locations":[{"start":{"line":32,"column":8},"end":{"line":32,"column":14}},{"start":{"line":32,"column":18},"end":{"line":32,"column":44}},{"start":{"line":32,"column":48},"end":{"line":32,"column":54}},{"start":{"line":32,"column":58},"end":{"line":32,"column":84}}],"line":32}},"s":{"0":3,"1":4,"2":2,"3":2,"4":2,"5":2,"6":2,"7":2,"8":0,"9":2,"10":2,"11":0,"12":2,"13":3},"f":{"0":4,"1":2,"2":2},"b":{"0":[2,2],"1":[4,2],"2":[0,2],"3":[2,0],"4":[0,2],"5":[2,2,2,0]},"_coverageSchema":"332fd63041d2c1bcb487cc26dd0d5f7d97098a6c","hash":"e9fe1f295c9110c53874672db2ad8fc2d23947e3"}
,"/Users/liaohuanyu/项目/效率工具/taro/taro-x/.temp/common/utils.js": {"path":"/Users/liaohuanyu/项目/效率工具/taro/taro-x/.temp/common/utils.js","statementMap":{"0":{"start":{"line":2,"column":12},"end":{"line":2,"column":25}},"1":{"start":{"line":4,"column":2},"end":{"line":12,"column":5}},"2":{"start":{"line":5,"column":4},"end":{"line":10,"column":5}},"3":{"start":{"line":6,"column":6},"end":{"line":8,"column":20}},"4":{"start":{"line":7,"column":8},"end":{"line":7,"column":18}},"5":{"start":{"line":9,"column":6},"end":{"line":9,"column":13}},"6":{"start":{"line":11,"column":4},"end":{"line":11,"column":14}},"7":{"start":{"line":15,"column":17},"end":{"line":15,"column":63}},"8":{"start":{"line":16,"column":19},"end":{"line":16,"column":52}},"9":{"start":{"line":17,"column":2},"end":{"line":23,"column":5}},"10":{"start":{"line":18,"column":4},"end":{"line":22,"column":7}},"11":{"start":{"line":19,"column":6},"end":{"line":21,"column":9}},"12":{"start":{"line":20,"column":8},"end":{"line":20,"column":21}},"13":{"start":{"line":26,"column":2},"end":{"line":32,"column":5}},"14":{"start":{"line":27,"column":4},"end":{"line":31,"column":7}},"15":{"start":{"line":28,"column":6},"end":{"line":30,"column":9}},"16":{"start":{"line":29,"column":8},"end":{"line":29,"column":21}},"17":{"start":{"line":35,"column":17},"end":{"line":35,"column":93}},"18":{"start":{"line":36,"column":19},"end":{"line":36,"column":52}},"19":{"start":{"line":37,"column":2},"end":{"line":43,"column":5}},"20":{"start":{"line":38,"column":4},"end":{"line":42,"column":7}},"21":{"start":{"line":39,"column":6},"end":{"line":41,"column":9}},"22":{"start":{"line":40,"column":8},"end":{"line":40,"column":21}},"23":{"start":{"line":46,"column":16},"end":{"line":46,"column":80}},"24":{"start":{"line":47,"column":16},"end":{"line":47,"column":18}},"25":{"start":{"line":48,"column":10},"end":{"line":48,"column":11}},"26":{"start":{"line":49,"column":2},"end":{"line":49,"column":32}},"27":{"start":{"line":50,"column":2},"end":{"line":68,"column":3}},"28":{"start":{"line":52,"column":4},"end":{"line":52,"column":74}},"29":{"start":{"line":52,"column":30},"end":{"line":52,"column":74}},"30":{"start":{"line":58,"column":4},"end":{"line":58,"column":55}},"31":{"start":{"line":59,"column":4},"end":{"line":59,"column":20}},"32":{"start":{"line":62,"column":4},"end":{"line":67,"column":5}},"33":{"start":{"line":63,"column":6},"end":{"line":66,"column":7}},"34":{"start":{"line":64,"column":8},"end":{"line":64,"column":35}},"35":{"start":{"line":65,"column":8},"end":{"line":65,"column":55}},"36":{"start":{"line":69,"column":2},"end":{"line":69,"column":24}},"37":{"start":{"line":73,"column":2},"end":{"line":135,"column":3}},"38":{"start":{"line":75,"column":6},"end":{"line":84,"column":8}},"39":{"start":{"line":85,"column":6},"end":{"line":85,"column":12}},"40":{"start":{"line":87,"column":6},"end":{"line":96,"column":8}},"41":{"start":{"line":97,"column":6},"end":{"line":97,"column":12}},"42":{"start":{"line":99,"column":6},"end":{"line":108,"column":8}},"43":{"start":{"line":109,"column":6},"end":{"line":109,"column":12}},"44":{"start":{"line":111,"column":6},"end":{"line":120,"column":8}},"45":{"start":{"line":121,"column":6},"end":{"line":121,"column":12}},"46":{"start":{"line":123,"column":6},"end":{"line":132,"column":8}},"47":{"start":{"line":133,"column":6},"end":{"line":133,"column":44}},"48":{"start":{"line":134,"column":6},"end":{"line":134,"column":12}},"49":{"start":{"line":136,"column":2},"end":{"line":136,"column":16}},"50":{"start":{"line":139,"column":2},"end":{"line":141,"column":3}},"51":{"start":{"line":140,"column":4},"end":{"line":140,"column":47}},"52":{"start":{"line":144,"column":2},"end":{"line":144,"column":41}},"53":{"start":{"line":146,"column":16},"end":{"line":146,"column":17}},"54":{"start":{"line":151,"column":18},"end":{"line":151,"column":79}},"55":{"start":{"line":152,"column":2},"end":{"line":152,"column":19}},"56":{"start":{"line":158,"column":2},"end":{"line":158,"column":50}},"57":{"start":{"line":159,"column":2},"end":{"line":159,"column":39}},"58":{"start":{"line":162,"column":2},"end":{"line":164,"column":3}},"59":{"start":{"line":163,"column":4},"end":{"line":163,"column":11}},"60":{"start":{"line":165,"column":2},"end":{"line":178,"column":3}},"61":{"start":{"line":167,"column":4},"end":{"line":167,"column":31}},"62":{"start":{"line":169,"column":4},"end":{"line":169,"column":45}},"63":{"start":{"line":171,"column":4},"end":{"line":171,"column":48}},"64":{"start":{"line":173,"column":4},"end":{"line":173,"column":35}},"65":{"start":{"line":174,"column":4},"end":{"line":174,"column":48}},"66":{"start":{"line":177,"column":4},"end":{"line":177,"column":28}},"67":{"start":{"line":181,"column":2},"end":{"line":181,"column":23}},"68":{"start":{"line":181,"column":13},"end":{"line":181,"column":23}},"69":{"start":{"line":182,"column":2},"end":{"line":182,"column":32}},"70":{"start":{"line":189,"column":19},"end":{"line":194,"column":1}},"71":{"start":{"line":190,"column":21},"end":{"line":190,"column":35}},"72":{"start":{"line":191,"column":2},"end":{"line":191,"column":52}},"73":{"start":{"line":192,"column":2},"end":{"line":192,"column":24}},"74":{"start":{"line":193,"column":2},"end":{"line":193,"column":30}},"75":{"start":{"line":195,"column":19},"end":{"line":200,"column":1}},"76":{"start":{"line":196,"column":2},"end":{"line":196,"column":21}},"77":{"start":{"line":197,"column":11},"end":{"line":197,"column":26}},"78":{"start":{"line":199,"column":2},"end":{"line":199,"column":21}}},"fnMap":{"0":{"name":"delay","decl":{"start":{"line":3,"column":9},"end":{"line":3,"column":14}},"loc":{"start":{"line":3,"column":32},"end":{"line":13,"column":1}},"line":3},"1":{"name":"(anonymous_1)","decl":{"start":{"line":4,"column":21},"end":{"line":4,"column":22}},"loc":{"start":{"line":4,"column":32},"end":{"line":12,"column":3}},"line":4},"2":{"name":"(anonymous_2)","decl":{"start":{"line":6,"column":17},"end":{"line":6,"column":18}},"loc":{"start":{"line":6,"column":23},"end":{"line":8,"column":7}},"line":6},"3":{"name":"delayQuerySelector","decl":{"start":{"line":14,"column":9},"end":{"line":14,"column":27}},"loc":{"start":{"line":14,"column":64},"end":{"line":24,"column":1}},"line":14},"4":{"name":"(anonymous_4)","decl":{"start":{"line":17,"column":21},"end":{"line":17,"column":22}},"loc":{"start":{"line":17,"column":32},"end":{"line":23,"column":3}},"line":17},"5":{"name":"(anonymous_5)","decl":{"start":{"line":18,"column":26},"end":{"line":18,"column":27}},"loc":{"start":{"line":18,"column":32},"end":{"line":22,"column":5}},"line":18},"6":{"name":"(anonymous_6)","decl":{"start":{"line":19,"column":61},"end":{"line":19,"column":62}},"loc":{"start":{"line":19,"column":68},"end":{"line":21,"column":7}},"line":19},"7":{"name":"delayGetScrollOffset","decl":{"start":{"line":25,"column":9},"end":{"line":25,"column":29}},"loc":{"start":{"line":25,"column":51},"end":{"line":33,"column":1}},"line":25},"8":{"name":"(anonymous_8)","decl":{"start":{"line":26,"column":21},"end":{"line":26,"column":22}},"loc":{"start":{"line":26,"column":32},"end":{"line":32,"column":3}},"line":26},"9":{"name":"(anonymous_9)","decl":{"start":{"line":27,"column":26},"end":{"line":27,"column":27}},"loc":{"start":{"line":27,"column":32},"end":{"line":31,"column":5}},"line":27},"10":{"name":"(anonymous_10)","decl":{"start":{"line":28,"column":66},"end":{"line":28,"column":67}},"loc":{"start":{"line":28,"column":73},"end":{"line":30,"column":7}},"line":28},"11":{"name":"delayGetClientRect","decl":{"start":{"line":34,"column":9},"end":{"line":34,"column":27}},"loc":{"start":{"line":34,"column":68},"end":{"line":44,"column":1}},"line":34},"12":{"name":"(anonymous_12)","decl":{"start":{"line":37,"column":21},"end":{"line":37,"column":22}},"loc":{"start":{"line":37,"column":32},"end":{"line":43,"column":3}},"line":37},"13":{"name":"(anonymous_13)","decl":{"start":{"line":38,"column":26},"end":{"line":38,"column":27}},"loc":{"start":{"line":38,"column":32},"end":{"line":42,"column":5}},"line":38},"14":{"name":"(anonymous_14)","decl":{"start":{"line":39,"column":61},"end":{"line":39,"column":62}},"loc":{"start":{"line":39,"column":68},"end":{"line":41,"column":7}},"line":39},"15":{"name":"uuid","decl":{"start":{"line":45,"column":9},"end":{"line":45,"column":13}},"loc":{"start":{"line":45,"column":35},"end":{"line":70,"column":1}},"line":45},"16":{"name":"getEventDetail","decl":{"start":{"line":71,"column":9},"end":{"line":71,"column":23}},"loc":{"start":{"line":71,"column":31},"end":{"line":137,"column":1}},"line":71},"17":{"name":"initTestEnv","decl":{"start":{"line":138,"column":9},"end":{"line":138,"column":20}},"loc":{"start":{"line":138,"column":23},"end":{"line":142,"column":1}},"line":138},"18":{"name":"isTest","decl":{"start":{"line":143,"column":9},"end":{"line":143,"column":15}},"loc":{"start":{"line":143,"column":18},"end":{"line":145,"column":1}},"line":143},"19":{"name":"getScrollTop","decl":{"start":{"line":150,"column":9},"end":{"line":150,"column":21}},"loc":{"start":{"line":150,"column":24},"end":{"line":153,"column":1}},"line":150},"20":{"name":"setScrollTop","decl":{"start":{"line":157,"column":9},"end":{"line":157,"column":21}},"loc":{"start":{"line":157,"column":34},"end":{"line":160,"column":1}},"line":157},"21":{"name":"handleTouchScroll","decl":{"start":{"line":161,"column":9},"end":{"line":161,"column":26}},"loc":{"start":{"line":161,"column":33},"end":{"line":179,"column":1}},"line":161},"22":{"name":"pxTransform","decl":{"start":{"line":180,"column":9},"end":{"line":180,"column":20}},"loc":{"start":{"line":180,"column":27},"end":{"line":183,"column":1}},"line":180},"23":{"name":"(anonymous_23)","decl":{"start":{"line":189,"column":19},"end":{"line":189,"column":20}},"loc":{"start":{"line":189,"column":39},"end":{"line":194,"column":1}},"line":189},"24":{"name":"(anonymous_24)","decl":{"start":{"line":195,"column":19},"end":{"line":195,"column":20}},"loc":{"start":{"line":195,"column":28},"end":{"line":200,"column":1}},"line":195}},"branchMap":{"0":{"loc":{"start":{"line":3,"column":15},"end":{"line":3,"column":30}},"type":"default-arg","locations":[{"start":{"line":3,"column":27},"end":{"line":3,"column":30}}],"line":3},"1":{"loc":{"start":{"line":5,"column":4},"end":{"line":10,"column":5}},"type":"if","locations":[{"start":{"line":5,"column":4},"end":{"line":10,"column":5}},{"start":{"line":5,"column":4},"end":{"line":10,"column":5}}],"line":5},"2":{"loc":{"start":{"line":14,"column":47},"end":{"line":14,"column":62}},"type":"default-arg","locations":[{"start":{"line":14,"column":59},"end":{"line":14,"column":62}}],"line":14},"3":{"loc":{"start":{"line":15,"column":17},"end":{"line":15,"column":63}},"type":"cond-expr","locations":[{"start":{"line":15,"column":45},"end":{"line":15,"column":49}},{"start":{"line":15,"column":52},"end":{"line":15,"column":63}}],"line":15},"4":{"loc":{"start":{"line":25,"column":32},"end":{"line":25,"column":47}},"type":"default-arg","locations":[{"start":{"line":25,"column":44},"end":{"line":25,"column":47}}],"line":25},"5":{"loc":{"start":{"line":34,"column":49},"end":{"line":34,"column":64}},"type":"default-arg","locations":[{"start":{"line":34,"column":61},"end":{"line":34,"column":64}}],"line":34},"6":{"loc":{"start":{"line":35,"column":17},"end":{"line":35,"column":93}},"type":"cond-expr","locations":[{"start":{"line":35,"column":75},"end":{"line":35,"column":79}},{"start":{"line":35,"column":82},"end":{"line":35,"column":93}}],"line":35},"7":{"loc":{"start":{"line":35,"column":17},"end":{"line":35,"column":72}},"type":"binary-expr","locations":[{"start":{"line":35,"column":17},"end":{"line":35,"column":42}},{"start":{"line":35,"column":46},"end":{"line":35,"column":72}}],"line":35},"8":{"loc":{"start":{"line":45,"column":14},"end":{"line":45,"column":21}},"type":"default-arg","locations":[{"start":{"line":45,"column":20},"end":{"line":45,"column":21}}],"line":45},"9":{"loc":{"start":{"line":45,"column":23},"end":{"line":45,"column":33}},"type":"default-arg","locations":[{"start":{"line":45,"column":31},"end":{"line":45,"column":33}}],"line":45},"10":{"loc":{"start":{"line":49,"column":10},"end":{"line":49,"column":31}},"type":"binary-expr","locations":[{"start":{"line":49,"column":10},"end":{"line":49,"column":15}},{"start":{"line":49,"column":19},"end":{"line":49,"column":31}}],"line":49},"11":{"loc":{"start":{"line":50,"column":2},"end":{"line":68,"column":3}},"type":"if","locations":[{"start":{"line":50,"column":2},"end":{"line":68,"column":3}},{"start":{"line":50,"column":2},"end":{"line":68,"column":3}}],"line":50},"12":{"loc":{"start":{"line":63,"column":6},"end":{"line":66,"column":7}},"type":"if","locations":[{"start":{"line":63,"column":6},"end":{"line":66,"column":7}},{"start":{"line":63,"column":6},"end":{"line":66,"column":7}}],"line":63},"13":{"loc":{"start":{"line":65,"column":25},"end":{"line":65,"column":53}},"type":"cond-expr","locations":[{"start":{"line":65,"column":36},"end":{"line":65,"column":49}},{"start":{"line":65,"column":52},"end":{"line":65,"column":53}}],"line":65},"14":{"loc":{"start":{"line":73,"column":2},"end":{"line":135,"column":3}},"type":"switch","locations":[{"start":{"line":74,"column":4},"end":{"line":85,"column":12}},{"start":{"line":86,"column":4},"end":{"line":97,"column":12}},{"start":{"line":98,"column":4},"end":{"line":109,"column":12}},{"start":{"line":110,"column":4},"end":{"line":121,"column":12}},{"start":{"line":122,"column":4},"end":{"line":134,"column":12}}],"line":73},"15":{"loc":{"start":{"line":139,"column":2},"end":{"line":141,"column":3}},"type":"if","locations":[{"start":{"line":139,"column":2},"end":{"line":141,"column":3}},{"start":{"line":139,"column":2},"end":{"line":141,"column":3}}],"line":139},"16":{"loc":{"start":{"line":151,"column":18},"end":{"line":151,"column":79}},"type":"binary-expr","locations":[{"start":{"line":151,"column":18},"end":{"line":151,"column":52}},{"start":{"line":151,"column":56},"end":{"line":151,"column":79}}],"line":151},"17":{"loc":{"start":{"line":162,"column":2},"end":{"line":164,"column":3}},"type":"if","locations":[{"start":{"line":162,"column":2},"end":{"line":164,"column":3}},{"start":{"line":162,"column":2},"end":{"line":164,"column":3}}],"line":162},"18":{"loc":{"start":{"line":165,"column":2},"end":{"line":178,"column":3}},"type":"if","locations":[{"start":{"line":165,"column":2},"end":{"line":178,"column":3}},{"start":{"line":165,"column":2},"end":{"line":178,"column":3}}],"line":165},"19":{"loc":{"start":{"line":181,"column":2},"end":{"line":181,"column":23}},"type":"if","locations":[{"start":{"line":181,"column":2},"end":{"line":181,"column":23}},{"start":{"line":181,"column":2},"end":{"line":181,"column":23}}],"line":181},"20":{"loc":{"start":{"line":189,"column":26},"end":{"line":189,"column":34}},"type":"default-arg","locations":[{"start":{"line":189,"column":33},"end":{"line":189,"column":34}}],"line":189}},"s":{"0":2,"1":0,"2":0,"3":0,"4":0,"5":0,"6":0,"7":0,"8":0,"9":0,"10":0,"11":0,"12":0,"13":0,"14":0,"15":0,"16":0,"17":0,"18":0,"19":0,"20":0,"21":0,"22":0,"23":0,"24":0,"25":0,"26":0,"27":0,"28":0,"29":0,"30":0,"31":0,"32":0,"33":0,"34":0,"35":0,"36":0,"37":0,"38":0,"39":0,"40":0,"41":0,"42":0,"43":0,"44":0,"45":0,"46":0,"47":0,"48":0,"49":0,"50":1,"51":1,"52":0,"53":2,"54":0,"55":0,"56":0,"57":0,"58":0,"59":0,"60":0,"61":0,"62":0,"63":0,"64":0,"65":0,"66":0,"67":0,"68":0,"69":0,"70":2,"71":0,"72":0,"73":0,"74":0,"75":2,"76":0,"77":0,"78":0},"f":{"0":0,"1":0,"2":0,"3":0,"4":0,"5":0,"6":0,"7":0,"8":0,"9":0,"10":0,"11":0,"12":0,"13":0,"14":0,"15":0,"16":0,"17":1,"18":0,"19":0,"20":0,"21":0,"22":0,"23":0,"24":0},"b":{"0":[0],"1":[0,0],"2":[0],"3":[0,0],"4":[0],"5":[0],"6":[0,0],"7":[0,0],"8":[0],"9":[0],"10":[0,0],"11":[0,0],"12":[0,0],"13":[0,0],"14":[0,0,0,0,0],"15":[1,0],"16":[0,0],"17":[0,0],"18":[0,0],"19":[0,0],"20":[0]},"_coverageSchema":"332fd63041d2c1bcb487cc26dd0d5f7d97098a6c","hash":"89c0ef54907603e593df9835f6bf357a5099c455"}
,"/Users/liaohuanyu/项目/效率工具/taro/taro-x/.temp/components/avatar/index.js": {"path":"/Users/liaohuanyu/项目/效率工具/taro/taro-x/.temp/components/avatar/index.js","statementMap":{"0":{"start":{"line":6,"column":19},"end":{"line":10,"column":1}},"1":{"start":{"line":13,"column":4},"end":{"line":13,"column":17}},"2":{"start":{"line":14,"column":4},"end":{"line":16,"column":6}},"3":{"start":{"line":19,"column":76},"end":{"line":19,"column":86}},"4":{"start":{"line":20,"column":26},"end":{"line":20,"column":39}},"5":{"start":{"line":21,"column":21},"end":{"line":21,"column":55}},"6":{"start":{"line":22,"column":24},"end":{"line":25,"column":5}},"7":{"start":{"line":26,"column":17},"end":{"line":26,"column":19}},"8":{"start":{"line":27,"column":4},"end":{"line":27,"column":31}},"9":{"start":{"line":27,"column":14},"end":{"line":27,"column":31}},"10":{"start":{"line":29,"column":4},"end":{"line":35,"column":5}},"11":{"start":{"line":30,"column":6},"end":{"line":30,"column":56}},"12":{"start":{"line":31,"column":11},"end":{"line":35,"column":5}},"13":{"start":{"line":32,"column":6},"end":{"line":32,"column":62}},"14":{"start":{"line":34,"column":6},"end":{"line":34,"column":63}},"15":{"start":{"line":36,"column":4},"end":{"line":38,"column":20}},"16":{"start":{"line":41,"column":0},"end":{"line":48,"column":2}}},"fnMap":{"0":{"name":"(anonymous_0)","decl":{"start":{"line":12,"column":2},"end":{"line":12,"column":3}},"loc":{"start":{"line":12,"column":21},"end":{"line":17,"column":3}},"line":12},"1":{"name":"(anonymous_1)","decl":{"start":{"line":18,"column":2},"end":{"line":18,"column":3}},"loc":{"start":{"line":18,"column":11},"end":{"line":39,"column":3}},"line":18}},"branchMap":{"0":{"loc":{"start":{"line":21,"column":32},"end":{"line":21,"column":54}},"type":"cond-expr","locations":[{"start":{"line":21,"column":39},"end":{"line":21,"column":43}},{"start":{"line":21,"column":46},"end":{"line":21,"column":54}}],"line":21},"1":{"loc":{"start":{"line":27,"column":4},"end":{"line":27,"column":31}},"type":"if","locations":[{"start":{"line":27,"column":4},"end":{"line":27,"column":31}},{"start":{"line":27,"column":4},"end":{"line":27,"column":31}}],"line":27},"2":{"loc":{"start":{"line":29,"column":4},"end":{"line":35,"column":5}},"type":"if","locations":[{"start":{"line":29,"column":4},"end":{"line":35,"column":5}},{"start":{"line":29,"column":4},"end":{"line":35,"column":5}}],"line":29},"3":{"loc":{"start":{"line":29,"column":8},"end":{"line":29,"column":75}},"type":"binary-expr","locations":[{"start":{"line":29,"column":8},"end":{"line":29,"column":16}},{"start":{"line":29,"column":20},"end":{"line":29,"column":53}},{"start":{"line":29,"column":57},"end":{"line":29,"column":75}}],"line":29},"4":{"loc":{"start":{"line":31,"column":11},"end":{"line":35,"column":5}},"type":"if","locations":[{"start":{"line":31,"column":11},"end":{"line":35,"column":5}},{"start":{"line":31,"column":11},"end":{"line":35,"column":5}}],"line":31}},"s":{"0":1,"1":6,"2":6,"3":6,"4":6,"5":6,"6":6,"7":6,"8":6,"9":1,"10":6,"11":0,"12":6,"13":1,"14":5,"15":6,"16":1},"f":{"0":6,"1":6},"b":{"0":[6,0],"1":[1,5],"2":[0,6],"3":[6,0,0],"4":[1,5]},"_coverageSchema":"332fd63041d2c1bcb487cc26dd0d5f7d97098a6c","hash":"aa0be1d792329ebb3c20911fbff0722e816a0bf4"}
,"/Users/liaohuanyu/项目/效率工具/taro/taro-x/.temp/components/divider/index.js": {"path":"/Users/liaohuanyu/项目/效率工具/taro/taro-x/.temp/components/divider/index.js","statementMap":{"0":{"start":{"line":7,"column":0},"end":{"line":7,"column":14}},"1":{"start":{"line":10,"column":4},"end":{"line":10,"column":24}},"2":{"start":{"line":11,"column":4},"end":{"line":11,"column":53}},"3":{"start":{"line":14,"column":4},"end":{"line":14,"column":47}},"4":{"start":{"line":17,"column":105},"end":{"line":17,"column":115}},"5":{"start":{"line":18,"column":22},"end":{"line":20,"column":5}},"6":{"start":{"line":21,"column":22},"end":{"line":24,"column":5}},"7":{"start":{"line":25,"column":29},"end":{"line":28,"column":5}},"8":{"start":{"line":29,"column":22},"end":{"line":29,"column":47}},"9":{"start":{"line":30,"column":4},"end":{"line":35,"column":14}},"10":{"start":{"line":38,"column":0},"end":{"line":46,"column":2}}},"fnMap":{"0":{"name":"(anonymous_0)","decl":{"start":{"line":9,"column":2},"end":{"line":9,"column":3}},"loc":{"start":{"line":9,"column":16},"end":{"line":12,"column":3}},"line":9},"1":{"name":"(anonymous_1)","decl":{"start":{"line":13,"column":2},"end":{"line":13,"column":3}},"loc":{"start":{"line":13,"column":17},"end":{"line":15,"column":3}},"line":13},"2":{"name":"(anonymous_2)","decl":{"start":{"line":16,"column":2},"end":{"line":16,"column":3}},"loc":{"start":{"line":16,"column":11},"end":{"line":36,"column":3}},"line":16},"3":{"name":"(anonymous_3)","decl":{"start":{"line":45,"column":11},"end":{"line":45,"column":12}},"loc":{"start":{"line":45,"column":17},"end":{"line":45,"column":19}},"line":45}},"branchMap":{"0":{"loc":{"start":{"line":14,"column":4},"end":{"line":14,"column":46}},"type":"binary-expr","locations":[{"start":{"line":14,"column":4},"end":{"line":14,"column":22}},{"start":{"line":14,"column":26},"end":{"line":14,"column":46}}],"line":14},"1":{"loc":{"start":{"line":19,"column":14},"end":{"line":19,"column":65}},"type":"cond-expr","locations":[{"start":{"line":19,"column":23},"end":{"line":19,"column":60}},{"start":{"line":19,"column":63},"end":{"line":19,"column":65}}],"line":19},"2":{"loc":{"start":{"line":23,"column":18},"end":{"line":23,"column":73}},"type":"cond-expr","locations":[{"start":{"line":23,"column":29},"end":{"line":23,"column":68}},{"start":{"line":23,"column":71},"end":{"line":23,"column":73}}],"line":23},"3":{"loc":{"start":{"line":30,"column":99},"end":{"line":30,"column":116}},"type":"binary-expr","locations":[{"start":{"line":30,"column":99},"end":{"line":30,"column":110}},{"start":{"line":30,"column":114},"end":{"line":30,"column":116}}],"line":30},"4":{"loc":{"start":{"line":32,"column":11},"end":{"line":32,"column":63}},"type":"cond-expr","locations":[{"start":{"line":32,"column":18},"end":{"line":32,"column":53}},{"start":{"line":32,"column":56},"end":{"line":32,"column":63}}],"line":32}},"s":{"0":1,"1":2,"2":2,"3":1,"4":2,"5":2,"6":2,"7":2,"8":2,"9":2,"10":1},"f":{"0":2,"1":1,"2":2,"3":0},"b":{"0":[1,1],"1":[0,2],"2":[1,1],"3":[2,2],"4":[0,2]},"_coverageSchema":"332fd63041d2c1bcb487cc26dd0d5f7d97098a6c","hash":"b3338b37dcd20eb53eee72b7c15b9f3f4b964eab"}
,"/Users/liaohuanyu/项目/效率工具/taro/taro-x/.temp/components/picker/date.js": {"path":"/Users/liaohuanyu/项目/效率工具/taro/taro-x/.temp/components/picker/date.js","statementMap":{"0":{"start":{"line":10,"column":2},"end":{"line":10,"column":26}},"1":{"start":{"line":10,"column":13},"end":{"line":10,"column":26}},"2":{"start":{"line":11,"column":2},"end":{"line":11,"column":43}},"3":{"start":{"line":12,"column":2},"end":{"line":12,"column":47}},"4":{"start":{"line":22,"column":2},"end":{"line":22,"column":75}},"5":{"start":{"line":22,"column":65},"end":{"line":22,"column":75}},"6":{"start":{"line":23,"column":2},"end":{"line":25,"column":3}},"7":{"start":{"line":24,"column":4},"end":{"line":24,"column":89}},"8":{"start":{"line":24,"column":64},"end":{"line":24,"column":74}},"9":{"start":{"line":24,"column":79},"end":{"line":24,"column":89}},"10":{"start":{"line":26,"column":2},"end":{"line":26,"column":12}}},"fnMap":{"0":{"name":"verifyDate","decl":{"start":{"line":9,"column":9},"end":{"line":9,"column":19}},"loc":{"start":{"line":9,"column":26},"end":{"line":13,"column":1}},"line":9},"1":{"name":"getMaxDay","decl":{"start":{"line":21,"column":9},"end":{"line":21,"column":18}},"loc":{"start":{"line":21,"column":32},"end":{"line":27,"column":1}},"line":21}},"branchMap":{"0":{"loc":{"start":{"line":10,"column":2},"end":{"line":10,"column":26}},"type":"if","locations":[{"start":{"line":10,"column":2},"end":{"line":10,"column":26}},{"start":{"line":10,"column":2},"end":{"line":10,"column":26}}],"line":10},"1":{"loc":{"start":{"line":12,"column":9},"end":{"line":12,"column":46}},"type":"cond-expr","locations":[{"start":{"line":12,"column":34},"end":{"line":12,"column":39}},{"start":{"line":12,"column":42},"end":{"line":12,"column":46}}],"line":12},"2":{"loc":{"start":{"line":22,"column":2},"end":{"line":22,"column":75}},"type":"if","locations":[{"start":{"line":22,"column":2},"end":{"line":22,"column":75}},{"start":{"line":22,"column":2},"end":{"line":22,"column":75}}],"line":22},"3":{"loc":{"start":{"line":22,"column":6},"end":{"line":22,"column":63}},"type":"binary-expr","locations":[{"start":{"line":22,"column":6},"end":{"line":22,"column":17}},{"start":{"line":22,"column":21},"end":{"line":22,"column":32}},{"start":{"line":22,"column":36},"end":{"line":22,"column":47}},{"start":{"line":22,"column":51},"end":{"line":22,"column":63}}],"line":22},"4":{"loc":{"start":{"line":23,"column":2},"end":{"line":25,"column":3}},"type":"if","locations":[{"start":{"line":23,"column":2},"end":{"line":25,"column":3}},{"start":{"line":23,"column":2},"end":{"line":25,"column":3}}],"line":23},"5":{"loc":{"start":{"line":24,"column":4},"end":{"line":24,"column":89}},"type":"if","locations":[{"start":{"line":24,"column":4},"end":{"line":24,"column":89}},{"start":{"line":24,"column":4},"end":{"line":24,"column":89}}],"line":24},"6":{"loc":{"start":{"line":24,"column":8},"end":{"line":24,"column":62}},"type":"binary-expr","locations":[{"start":{"line":24,"column":8},"end":{"line":24,"column":22}},{"start":{"line":24,"column":26},"end":{"line":24,"column":42}},{"start":{"line":24,"column":46},"end":{"line":24,"column":62}}],"line":24}},"s":{"0":6,"1":6,"2":0,"3":0,"4":2,"5":0,"6":2,"7":0,"8":0,"9":0,"10":2},"f":{"0":6,"1":2},"b":{"0":[6,0],"1":[0,0],"2":[0,2],"3":[2,2,2,2],"4":[0,2],"5":[0,0],"6":[0,0,0]},"_coverageSchema":"332fd63041d2c1bcb487cc26dd0d5f7d97098a6c","hash":"c03366a41b63bcce3d748428a2f8e6f54e057031"}
,"/Users/liaohuanyu/项目/效率工具/taro/taro-x/.temp/components/picker/index.js": {"path":"/Users/liaohuanyu/项目/效率工具/taro/taro-x/.temp/components/picker/index.js","statementMap":{"0":{"start":{"line":17,"column":4},"end":{"line":17,"column":24}},"1":{"start":{"line":22,"column":25},"end":{"line":22,"column":30}},"2":{"start":{"line":23,"column":4},"end":{"line":23,"column":31}},"3":{"start":{"line":24,"column":4},"end":{"line":24,"column":23}},"4":{"start":{"line":25,"column":4},"end":{"line":27,"column":6}},"5":{"start":{"line":33,"column":20},"end":{"line":33,"column":30}},"6":{"start":{"line":35,"column":37},"end":{"line":35,"column":46}},"7":{"start":{"line":37,"column":17},"end":{"line":37,"column":45}},"8":{"start":{"line":39,"column":17},"end":{"line":39,"column":45}},"9":{"start":{"line":40,"column":15},"end":{"line":40,"column":41}},"10":{"start":{"line":42,"column":4},"end":{"line":42,"column":68}},"11":{"start":{"line":42,"column":17},"end":{"line":42,"column":68}},"12":{"start":{"line":43,"column":4},"end":{"line":43,"column":49}},"13":{"start":{"line":43,"column":17},"end":{"line":43,"column":49}},"14":{"start":{"line":44,"column":4},"end":{"line":44,"column":45}},"15":{"start":{"line":44,"column":15},"end":{"line":44,"column":45}},"16":{"start":{"line":46,"column":4},"end":{"line":61,"column":5}},"17":{"start":{"line":47,"column":6},"end":{"line":47,"column":64}},"18":{"start":{"line":48,"column":6},"end":{"line":48,"column":62}},"19":{"start":{"line":49,"column":6},"end":{"line":49,"column":56}},"20":{"start":{"line":50,"column":6},"end":{"line":50,"column":83}},"21":{"start":{"line":51,"column":6},"end":{"line":58,"column":7}},"22":{"start":{"line":52,"column":8},"end":{"line":57,"column":10}},"23":{"start":{"line":60,"column":6},"end":{"line":60,"column":45}},"24":{"start":{"line":63,"column":4},"end":{"line":63,"column":34}},"25":{"start":{"line":66,"column":25},"end":{"line":66,"column":34}},"26":{"start":{"line":67,"column":4},"end":{"line":67,"column":32}},"27":{"start":{"line":68,"column":4},"end":{"line":70,"column":5}},"28":{"start":{"line":69,"column":6},"end":{"line":69,"column":34}},"29":{"start":{"line":71,"column":4},"end":{"line":75,"column":5}},"30":{"start":{"line":72,"column":6},"end":{"line":74,"column":9}},"31":{"start":{"line":78,"column":4},"end":{"line":80,"column":5}},"32":{"start":{"line":79,"column":6},"end":{"line":79,"column":19}},"33":{"start":{"line":81,"column":4},"end":{"line":81,"column":16}},"34":{"start":{"line":87,"column":18},"end":{"line":87,"column":20}},"35":{"start":{"line":88,"column":4},"end":{"line":90,"column":5}},"36":{"start":{"line":89,"column":6},"end":{"line":89,"column":34}},"37":{"start":{"line":91,"column":4},"end":{"line":91,"column":17}},"38":{"start":{"line":97,"column":17},"end":{"line":97,"column":18}},"39":{"start":{"line":98,"column":15},"end":{"line":98,"column":17}},"40":{"start":{"line":100,"column":4},"end":{"line":110,"column":5}},"41":{"start":{"line":102,"column":6},"end":{"line":102,"column":53}},"42":{"start":{"line":103,"column":6},"end":{"line":103,"column":49}},"43":{"start":{"line":104,"column":11},"end":{"line":110,"column":5}},"44":{"start":{"line":105,"column":6},"end":{"line":105,"column":53}},"45":{"start":{"line":106,"column":6},"end":{"line":106,"column":16}},"46":{"start":{"line":107,"column":11},"end":{"line":110,"column":5}},"47":{"start":{"line":108,"column":6},"end":{"line":108,"column":17}},"48":{"start":{"line":109,"column":6},"end":{"line":109,"column":49}},"49":{"start":{"line":111,"column":4},"end":{"line":111,"column":51}},"50":{"start":{"line":117,"column":17},"end":{"line":117,"column":18}},"51":{"start":{"line":118,"column":15},"end":{"line":118,"column":101}},"52":{"start":{"line":119,"column":4},"end":{"line":121,"column":5}},"53":{"start":{"line":120,"column":6},"end":{"line":120,"column":48}},"54":{"start":{"line":122,"column":4},"end":{"line":124,"column":5}},"55":{"start":{"line":123,"column":6},"end":{"line":123,"column":44}},"56":{"start":{"line":125,"column":4},"end":{"line":125,"column":51}},"57":{"start":{"line":128,"column":26},"end":{"line":128,"column":36}},"58":{"start":{"line":129,"column":22},"end":{"line":131,"column":28}},"59":{"start":{"line":132,"column":31},"end":{"line":132,"column":40}},"60":{"start":{"line":133,"column":20},"end":{"line":133,"column":90}},"61":{"start":{"line":134,"column":21},"end":{"line":134,"column":92}},"62":{"start":{"line":135,"column":19},"end":{"line":135,"column":85}},"63":{"start":{"line":136,"column":4},"end":{"line":136,"column":85}},"64":{"start":{"line":138,"column":4},"end":{"line":152,"column":14}},"65":{"start":{"line":155,"column":23},"end":{"line":155,"column":33}},"66":{"start":{"line":156,"column":4},"end":{"line":171,"column":5}},"67":{"start":{"line":158,"column":6},"end":{"line":158,"column":38}},"68":{"start":{"line":159,"column":11},"end":{"line":171,"column":5}},"69":{"start":{"line":161,"column":6},"end":{"line":161,"column":38}},"70":{"start":{"line":163,"column":6},"end":{"line":163,"column":39}},"71":{"start":{"line":166,"column":6},"end":{"line":166,"column":38}},"72":{"start":{"line":168,"column":6},"end":{"line":168,"column":39}},"73":{"start":{"line":170,"column":6},"end":{"line":170,"column":37}},"74":{"start":{"line":174,"column":4},"end":{"line":176,"column":7}},"75":{"start":{"line":177,"column":4},"end":{"line":177,"column":26}},"76":{"start":{"line":180,"column":4},"end":{"line":180,"column":24}},"77":{"start":{"line":183,"column":31},"end":{"line":183,"column":40}},"78":{"start":{"line":184,"column":23},"end":{"line":184,"column":33}},"79":{"start":{"line":185,"column":16},"end":{"line":185,"column":18}},"80":{"start":{"line":186,"column":4},"end":{"line":192,"column":5}},"81":{"start":{"line":187,"column":6},"end":{"line":187,"column":117}},"82":{"start":{"line":188,"column":11},"end":{"line":192,"column":5}},"83":{"start":{"line":189,"column":6},"end":{"line":189,"column":85}},"84":{"start":{"line":190,"column":11},"end":{"line":192,"column":5}},"85":{"start":{"line":191,"column":6},"end":{"line":191,"column":49}},"86":{"start":{"line":193,"column":4},"end":{"line":193,"column":31}},"87":{"start":{"line":196,"column":21},"end":{"line":196,"column":31}},"88":{"start":{"line":198,"column":15},"end":{"line":198,"column":111}},"89":{"start":{"line":200,"column":16},"end":{"line":200,"column":39}},"90":{"start":{"line":201,"column":14},"end":{"line":201,"column":35}},"91":{"start":{"line":202,"column":4},"end":{"line":208,"column":5}},"92":{"start":{"line":203,"column":6},"end":{"line":203,"column":20}},"93":{"start":{"line":204,"column":11},"end":{"line":208,"column":5}},"94":{"start":{"line":205,"column":6},"end":{"line":205,"column":27}},"95":{"start":{"line":207,"column":6},"end":{"line":207,"column":32}},"96":{"start":{"line":211,"column":0},"end":{"line":219,"column":2}}},"fnMap":{"0":{"name":"(anonymous_0)","decl":{"start":{"line":16,"column":2},"end":{"line":16,"column":3}},"loc":{"start":{"line":16,"column":21},"end":{"line":28,"column":3}},"line":16},"1":{"name":"(anonymous_1)","decl":{"start":{"line":32,"column":2},"end":{"line":32,"column":3}},"loc":{"start":{"line":32,"column":38},"end":{"line":64,"column":3}},"line":32},"2":{"name":"(anonymous_2)","decl":{"start":{"line":65,"column":2},"end":{"line":65,"column":3}},"loc":{"start":{"line":65,"column":39},"end":{"line":76,"column":3}},"line":65},"3":{"name":"(anonymous_3)","decl":{"start":{"line":77,"column":2},"end":{"line":77,"column":3}},"loc":{"start":{"line":77,"column":46},"end":{"line":82,"column":3}},"line":77},"4":{"name":"(anonymous_4)","decl":{"start":{"line":86,"column":2},"end":{"line":86,"column":3}},"loc":{"start":{"line":86,"column":40},"end":{"line":92,"column":3}},"line":86},"5":{"name":"(anonymous_5)","decl":{"start":{"line":96,"column":2},"end":{"line":96,"column":3}},"loc":{"start":{"line":96,"column":29},"end":{"line":112,"column":3}},"line":96},"6":{"name":"(anonymous_6)","decl":{"start":{"line":116,"column":2},"end":{"line":116,"column":3}},"loc":{"start":{"line":116,"column":27},"end":{"line":126,"column":3}},"line":116},"7":{"name":"(anonymous_7)","decl":{"start":{"line":127,"column":2},"end":{"line":127,"column":3}},"loc":{"start":{"line":127,"column":11},"end":{"line":153,"column":3}},"line":127},"8":{"name":"(anonymous_8)","decl":{"start":{"line":154,"column":15},"end":{"line":154,"column":16}},"loc":{"start":{"line":154,"column":21},"end":{"line":172,"column":3}},"line":154},"9":{"name":"(anonymous_9)","decl":{"start":{"line":173,"column":10},"end":{"line":173,"column":11}},"loc":{"start":{"line":173,"column":16},"end":{"line":178,"column":3}},"line":173},"10":{"name":"(anonymous_10)","decl":{"start":{"line":179,"column":20},"end":{"line":179,"column":21}},"loc":{"start":{"line":179,"column":25},"end":{"line":181,"column":3}},"line":179},"11":{"name":"(anonymous_11)","decl":{"start":{"line":182,"column":13},"end":{"line":182,"column":14}},"loc":{"start":{"line":182,"column":18},"end":{"line":194,"column":3}},"line":182},"12":{"name":"(anonymous_12)","decl":{"start":{"line":195,"column":15},"end":{"line":195,"column":16}},"loc":{"start":{"line":195,"column":21},"end":{"line":209,"column":3}},"line":195},"13":{"name":"(anonymous_13)","decl":{"start":{"line":217,"column":12},"end":{"line":217,"column":13}},"loc":{"start":{"line":217,"column":20},"end":{"line":217,"column":22}},"line":217},"14":{"name":"(anonymous_14)","decl":{"start":{"line":218,"column":12},"end":{"line":218,"column":13}},"loc":{"start":{"line":218,"column":18},"end":{"line":218,"column":20}},"line":218}},"branchMap":{"0":{"loc":{"start":{"line":32,"column":14},"end":{"line":32,"column":36}},"type":"default-arg","locations":[{"start":{"line":32,"column":26},"end":{"line":32,"column":36}}],"line":32},"1":{"loc":{"start":{"line":35,"column":12},"end":{"line":35,"column":22}},"type":"default-arg","locations":[{"start":{"line":35,"column":20},"end":{"line":35,"column":22}}],"line":35},"2":{"loc":{"start":{"line":35,"column":24},"end":{"line":35,"column":32}},"type":"default-arg","locations":[{"start":{"line":35,"column":30},"end":{"line":35,"column":32}}],"line":35},"3":{"loc":{"start":{"line":42,"column":4},"end":{"line":42,"column":68}},"type":"if","locations":[{"start":{"line":42,"column":4},"end":{"line":42,"column":68}},{"start":{"line":42,"column":4},"end":{"line":42,"column":68}}],"line":42},"4":{"loc":{"start":{"line":43,"column":4},"end":{"line":43,"column":49}},"type":"if","locations":[{"start":{"line":43,"column":4},"end":{"line":43,"column":49}},{"start":{"line":43,"column":4},"end":{"line":43,"column":49}}],"line":43},"5":{"loc":{"start":{"line":44,"column":4},"end":{"line":44,"column":45}},"type":"if","locations":[{"start":{"line":44,"column":4},"end":{"line":44,"column":45}},{"start":{"line":44,"column":4},"end":{"line":44,"column":45}}],"line":44},"6":{"loc":{"start":{"line":46,"column":4},"end":{"line":61,"column":5}},"type":"if","locations":[{"start":{"line":46,"column":4},"end":{"line":61,"column":5}},{"start":{"line":46,"column":4},"end":{"line":61,"column":5}}],"line":46},"7":{"loc":{"start":{"line":46,"column":8},"end":{"line":46,"column":82}},"type":"binary-expr","locations":[{"start":{"line":46,"column":8},"end":{"line":46,"column":44}},{"start":{"line":46,"column":48},"end":{"line":46,"column":82}}],"line":46},"8":{"loc":{"start":{"line":51,"column":6},"end":{"line":58,"column":7}},"type":"if","locations":[{"start":{"line":51,"column":6},"end":{"line":58,"column":7}},{"start":{"line":51,"column":6},"end":{"line":58,"column":7}}],"line":51},"9":{"loc":{"start":{"line":51,"column":10},"end":{"line":51,"column":193}},"type":"binary-expr","locations":[{"start":{"line":51,"column":10},"end":{"line":51,"column":26}},{"start":{"line":51,"column":30},"end":{"line":51,"column":83}},{"start":{"line":51,"column":87},"end":{"line":51,"column":140}},{"start":{"line":51,"column":144},"end":{"line":51,"column":193}}],"line":51},"10":{"loc":{"start":{"line":68,"column":4},"end":{"line":70,"column":5}},"type":"if","locations":[{"start":{"line":68,"column":4},"end":{"line":70,"column":5}},{"start":{"line":68,"column":4},"end":{"line":70,"column":5}}],"line":68},"11":{"loc":{"start":{"line":71,"column":4},"end":{"line":75,"column":5}},"type":"if","locations":[{"start":{"line":71,"column":4},"end":{"line":75,"column":5}},{"start":{"line":71,"column":4},"end":{"line":75,"column":5}}],"line":71},"12":{"loc":{"start":{"line":78,"column":4},"end":{"line":80,"column":5}},"type":"if","locations":[{"start":{"line":78,"column":4},"end":{"line":80,"column":5}},{"start":{"line":78,"column":4},"end":{"line":80,"column":5}}],"line":78},"13":{"loc":{"start":{"line":86,"column":27},"end":{"line":86,"column":38}},"type":"default-arg","locations":[{"start":{"line":86,"column":36},"end":{"line":86,"column":38}}],"line":86},"14":{"loc":{"start":{"line":96,"column":16},"end":{"line":96,"column":27}},"type":"default-arg","locations":[{"start":{"line":96,"column":25},"end":{"line":96,"column":27}}],"line":96},"15":{"loc":{"start":{"line":100,"column":4},"end":{"line":110,"column":5}},"type":"if","locations":[{"start":{"line":100,"column":4},"end":{"line":110,"column":5}},{"start":{"line":100,"column":4},"end":{"line":110,"column":5}}],"line":100},"16":{"loc":{"start":{"line":104,"column":11},"end":{"line":110,"column":5}},"type":"if","locations":[{"start":{"line":104,"column":11},"end":{"line":110,"column":5}},{"start":{"line":104,"column":11},"end":{"line":110,"column":5}}],"line":104},"17":{"loc":{"start":{"line":107,"column":11},"end":{"line":110,"column":5}},"type":"if","locations":[{"start":{"line":107,"column":11},"end":{"line":110,"column":5}},{"start":{"line":107,"column":11},"end":{"line":110,"column":5}}],"line":107},"18":{"loc":{"start":{"line":116,"column":14},"end":{"line":116,"column":25}},"type":"default-arg","locations":[{"start":{"line":116,"column":23},"end":{"line":116,"column":25}}],"line":116},"19":{"loc":{"start":{"line":119,"column":4},"end":{"line":121,"column":5}},"type":"if","locations":[{"start":{"line":119,"column":4},"end":{"line":121,"column":5}},{"start":{"line":119,"column":4},"end":{"line":121,"column":5}}],"line":119},"20":{"loc":{"start":{"line":119,"column":8},"end":{"line":119,"column":157}},"type":"binary-expr","locations":[{"start":{"line":119,"column":8},"end":{"line":119,"column":80}},{"start":{"line":119,"column":84},"end":{"line":119,"column":157}}],"line":119},"21":{"loc":{"start":{"line":122,"column":4},"end":{"line":124,"column":5}},"type":"if","locations":[{"start":{"line":122,"column":4},"end":{"line":124,"column":5}},{"start":{"line":122,"column":4},"end":{"line":124,"column":5}}],"line":122},"22":{"loc":{"start":{"line":122,"column":8},"end":{"line":122,"column":153}},"type":"binary-expr","locations":[{"start":{"line":122,"column":8},"end":{"line":122,"column":78}},{"start":{"line":122,"column":82},"end":{"line":122,"column":153}}],"line":122},"23":{"loc":{"start":{"line":147,"column":13},"end":{"line":147,"column":138}},"type":"binary-expr","locations":[{"start":{"line":147,"column":13},"end":{"line":147,"column":17}},{"start":{"line":147,"column":21},"end":{"line":147,"column":36}},{"start":{"line":147,"column":40},"end":{"line":147,"column":138}}],"line":147},"24":{"loc":{"start":{"line":148,"column":13},"end":{"line":148,"column":143}},"type":"binary-expr","locations":[{"start":{"line":148,"column":13},"end":{"line":148,"column":18}},{"start":{"line":148,"column":22},"end":{"line":148,"column":38}},{"start":{"line":148,"column":42},"end":{"line":148,"column":143}}],"line":148},"25":{"loc":{"start":{"line":149,"column":13},"end":{"line":149,"column":133}},"type":"binary-expr","locations":[{"start":{"line":149,"column":13},"end":{"line":149,"column":16}},{"start":{"line":149,"column":20},"end":{"line":149,"column":34}},{"start":{"line":149,"column":38},"end":{"line":149,"column":133}}],"line":149},"26":{"loc":{"start":{"line":156,"column":4},"end":{"line":171,"column":5}},"type":"if","locations":[{"start":{"line":156,"column":4},"end":{"line":171,"column":5}},{"start":{"line":156,"column":4},"end":{"line":171,"column":5}}],"line":156},"27":{"loc":{"start":{"line":159,"column":11},"end":{"line":171,"column":5}},"type":"if","locations":[{"start":{"line":159,"column":11},"end":{"line":171,"column":5}},{"start":{"line":159,"column":11},"end":{"line":171,"column":5}}],"line":159},"28":{"loc":{"start":{"line":186,"column":4},"end":{"line":192,"column":5}},"type":"if","locations":[{"start":{"line":186,"column":4},"end":{"line":192,"column":5}},{"start":{"line":186,"column":4},"end":{"line":192,"column":5}}],"line":186},"29":{"loc":{"start":{"line":188,"column":11},"end":{"line":192,"column":5}},"type":"if","locations":[{"start":{"line":188,"column":11},"end":{"line":192,"column":5}},{"start":{"line":188,"column":11},"end":{"line":192,"column":5}}],"line":188},"30":{"loc":{"start":{"line":190,"column":11},"end":{"line":192,"column":5}},"type":"if","locations":[{"start":{"line":190,"column":11},"end":{"line":192,"column":5}},{"start":{"line":190,"column":11},"end":{"line":192,"column":5}}],"line":190},"31":{"loc":{"start":{"line":202,"column":4},"end":{"line":208,"column":5}},"type":"if","locations":[{"start":{"line":202,"column":4},"end":{"line":208,"column":5}},{"start":{"line":202,"column":4},"end":{"line":208,"column":5}}],"line":202},"32":{"loc":{"start":{"line":204,"column":11},"end":{"line":208,"column":5}},"type":"if","locations":[{"start":{"line":204,"column":11},"end":{"line":208,"column":5}},{"start":{"line":204,"column":11},"end":{"line":208,"column":5}}],"line":204}},"s":{"0":2,"1":2,"2":2,"3":2,"4":2,"5":2,"6":2,"7":2,"8":2,"9":2,"10":2,"11":2,"12":2,"13":2,"14":2,"15":2,"16":2,"17":2,"18":2,"19":2,"20":2,"21":2,"22":2,"23":0,"24":2,"25":0,"26":0,"27":0,"28":0,"29":0,"30":0,"31":1,"32":1,"33":0,"34":6,"35":6,"36":2146,"37":6,"38":2,"39":2,"40":2,"41":0,"42":0,"43":2,"44":0,"45":0,"46":2,"47":0,"48":0,"49":2,"50":2,"51":2,"52":2,"53":0,"54":2,"55":0,"56":2,"57":2,"58":2,"59":2,"60":2,"61":2,"62":2,"63":2,"64":2,"65":2,"66":2,"67":2,"68":0,"69":0,"70":0,"71":0,"72":0,"73":0,"74":1,"75":1,"76":0,"77":0,"78":0,"79":0,"80":0,"81":0,"82":0,"83":0,"84":0,"85":0,"86":0,"87":2,"88":2,"89":2,"90":2,"91":2,"92":2,"93":0,"94":0,"95":0,"96":1},"f":{"0":2,"1":2,"2":0,"3":1,"4":6,"5":2,"6":2,"7":2,"8":2,"9":1,"10":0,"11":0,"12":2,"13":0,"14":0},"b":{"0":[2],"1":[0],"2":[0],"3":[2,0],"4":[2,0],"5":[2,0],"6":[2,0],"7":[2,2],"8":[2,0],"9":[2,0,0,0],"10":[0,0],"11":[0,0],"12":[1,0],"13":[0],"14":[0],"15":[0,2],"16":[0,2],"17":[0,2],"18":[0],"19":[0,2],"20":[2,0],"21":[0,2],"22":[2,0],"23":[2,2,2],"24":[2,0,0],"25":[2,0,0],"26":[2,0],"27":[0,0],"28":[0,0],"29":[0,0],"30":[0,0],"31":[2,0],"32":[0,0]},"_coverageSchema":"332fd63041d2c1bcb487cc26dd0d5f7d97098a6c","hash":"9888406237ffd871a7362cdbd18ebb43a7cb9d63"}
,"/Users/liaohuanyu/项目/效率工具/taro/taro-x/.temp/components/picker/pick-group/index.js": {"path":"/Users/liaohuanyu/项目/效率工具/taro/taro-x/.temp/components/picker/pick-group/index.js","statementMap":{"0":{"start":{"line":7,"column":25},"end":{"line":7,"column":26}},"1":{"start":{"line":8,"column":30},"end":{"line":8,"column":31}},"2":{"start":{"line":9,"column":20},"end":{"line":9,"column":22}},"3":{"start":{"line":10,"column":12},"end":{"line":10,"column":15}},"4":{"start":{"line":13,"column":36},"end":{"line":13,"column":38}},"5":{"start":{"line":14,"column":39},"end":{"line":14,"column":42}},"6":{"start":{"line":18,"column":4},"end":{"line":18,"column":24}},"7":{"start":{"line":19,"column":4},"end":{"line":19,"column":29}},"8":{"start":{"line":20,"column":4},"end":{"line":22,"column":6}},"9":{"start":{"line":26,"column":4},"end":{"line":26,"column":26}},"10":{"start":{"line":27,"column":4},"end":{"line":27,"column":33}},"11":{"start":{"line":28,"column":4},"end":{"line":30,"column":7}},"12":{"start":{"line":34,"column":23},"end":{"line":34,"column":46}},"13":{"start":{"line":35,"column":4},"end":{"line":37,"column":68}},"14":{"start":{"line":40,"column":25},"end":{"line":46,"column":5}},"15":{"start":{"line":41,"column":6},"end":{"line":41,"column":29}},"16":{"start":{"line":43,"column":6},"end":{"line":43,"column":48}},"17":{"start":{"line":44,"column":6},"end":{"line":44,"column":46}},"18":{"start":{"line":45,"column":6},"end":{"line":45,"column":27}},"19":{"start":{"line":47,"column":24},"end":{"line":74,"column":5}},"20":{"start":{"line":52,"column":25},"end":{"line":52,"column":35}},"21":{"start":{"line":54,"column":6},"end":{"line":54,"column":48}},"22":{"start":{"line":56,"column":16},"end":{"line":56,"column":43}},"23":{"start":{"line":58,"column":21},"end":{"line":58,"column":34}},"24":{"start":{"line":60,"column":6},"end":{"line":60,"column":20}},"25":{"start":{"line":62,"column":6},"end":{"line":62,"column":28}},"26":{"start":{"line":64,"column":6},"end":{"line":64,"column":62}},"27":{"start":{"line":64,"column":42},"end":{"line":64,"column":62}},"28":{"start":{"line":67,"column":6},"end":{"line":71,"column":9}},"29":{"start":{"line":68,"column":8},"end":{"line":70,"column":10}},"30":{"start":{"line":73,"column":6},"end":{"line":73,"column":25}},"31":{"start":{"line":75,"column":23},"end":{"line":112,"column":5}},"32":{"start":{"line":76,"column":6},"end":{"line":76,"column":25}},"33":{"start":{"line":77,"column":25},"end":{"line":77,"column":35}},"34":{"start":{"line":78,"column":24},"end":{"line":78,"column":34}},"35":{"start":{"line":79,"column":18},"end":{"line":79,"column":21}},"36":{"start":{"line":80,"column":18},"end":{"line":80,"column":48}},"37":{"start":{"line":81,"column":19},"end":{"line":81,"column":46}},"38":{"start":{"line":82,"column":6},"end":{"line":82,"column":27}},"39":{"start":{"line":83,"column":6},"end":{"line":83,"column":42}},"40":{"start":{"line":86,"column":6},"end":{"line":99,"column":7}},"41":{"start":{"line":91,"column":10},"end":{"line":91,"column":44}},"42":{"start":{"line":94,"column":26},"end":{"line":94,"column":45}},"43":{"start":{"line":95,"column":8},"end":{"line":95,"column":79}},"44":{"start":{"line":98,"column":8},"end":{"line":98,"column":32}},"45":{"start":{"line":102,"column":6},"end":{"line":102,"column":53}},"46":{"start":{"line":102,"column":32},"end":{"line":102,"column":53}},"47":{"start":{"line":103,"column":6},"end":{"line":103,"column":53}},"48":{"start":{"line":103,"column":32},"end":{"line":103,"column":53}},"49":{"start":{"line":105,"column":20},"end":{"line":105,"column":52}},"50":{"start":{"line":106,"column":29},"end":{"line":106,"column":40}},"51":{"start":{"line":108,"column":6},"end":{"line":108,"column":29}},"52":{"start":{"line":109,"column":6},"end":{"line":111,"column":9}},"53":{"start":{"line":113,"column":16},"end":{"line":113,"column":39}},"54":{"start":{"line":114,"column":18},"end":{"line":114,"column":87}},"55":{"start":{"line":115,"column":16},"end":{"line":115,"column":93}},"56":{"start":{"line":116,"column":24},"end":{"line":116,"column":50}},"57":{"start":{"line":117,"column":24},"end":{"line":117,"column":56}},"58":{"start":{"line":119,"column":18},"end":{"line":119,"column":62}},"59":{"start":{"line":121,"column":23},"end":{"line":129,"column":6}},"60":{"start":{"line":122,"column":18},"end":{"line":122,"column":43}},"61":{"start":{"line":125,"column":6},"end":{"line":127,"column":7}},"62":{"start":{"line":126,"column":8},"end":{"line":126,"column":44}},"63":{"start":{"line":128,"column":6},"end":{"line":128,"column":88}},"64":{"start":{"line":131,"column":4},"end":{"line":139,"column":14}},"65":{"start":{"line":142,"column":0},"end":{"line":145,"column":2}}},"fnMap":{"0":{"name":"(anonymous_0)","decl":{"start":{"line":17,"column":2},"end":{"line":17,"column":3}},"loc":{"start":{"line":17,"column":21},"end":{"line":23,"column":3}},"line":17},"1":{"name":"(anonymous_1)","decl":{"start":{"line":24,"column":2},"end":{"line":24,"column":3}},"loc":{"start":{"line":24,"column":39},"end":{"line":31,"column":3}},"line":24},"2":{"name":"(anonymous_2)","decl":{"start":{"line":32,"column":2},"end":{"line":32,"column":3}},"loc":{"start":{"line":32,"column":40},"end":{"line":38,"column":3}},"line":32},"3":{"name":"(anonymous_3)","decl":{"start":{"line":39,"column":2},"end":{"line":39,"column":3}},"loc":{"start":{"line":39,"column":11},"end":{"line":140,"column":3}},"line":39},"4":{"name":"(anonymous_4)","decl":{"start":{"line":40,"column":25},"end":{"line":40,"column":26}},"loc":{"start":{"line":40,"column":30},"end":{"line":46,"column":5}},"line":40},"5":{"name":"(anonymous_5)","decl":{"start":{"line":47,"column":24},"end":{"line":47,"column":25}},"loc":{"start":{"line":47,"column":29},"end":{"line":74,"column":5}},"line":47},"6":{"name":"(anonymous_6)","decl":{"start":{"line":67,"column":20},"end":{"line":67,"column":21}},"loc":{"start":{"line":67,"column":28},"end":{"line":71,"column":7}},"line":67},"7":{"name":"(anonymous_7)","decl":{"start":{"line":75,"column":23},"end":{"line":75,"column":24}},"loc":{"start":{"line":75,"column":28},"end":{"line":112,"column":5}},"line":75},"8":{"name":"(anonymous_8)","decl":{"start":{"line":121,"column":33},"end":{"line":121,"column":34}},"loc":{"start":{"line":121,"column":50},"end":{"line":129,"column":5}},"line":121}},"branchMap":{"0":{"loc":{"start":{"line":34,"column":23},"end":{"line":34,"column":46}},"type":"cond-expr","locations":[{"start":{"line":34,"column":39},"end":{"line":34,"column":42}},{"start":{"line":34,"column":45},"end":{"line":34,"column":46}}],"line":34},"1":{"loc":{"start":{"line":64,"column":6},"end":{"line":64,"column":62}},"type":"if","locations":[{"start":{"line":64,"column":6},"end":{"line":64,"column":62}},{"start":{"line":64,"column":6},"end":{"line":64,"column":62}}],"line":64},"2":{"loc":{"start":{"line":86,"column":6},"end":{"line":99,"column":7}},"type":"if","locations":[{"start":{"line":86,"column":6},"end":{"line":99,"column":7}},{"start":{"line":86,"column":6},"end":{"line":99,"column":7}}],"line":86},"3":{"loc":{"start":{"line":102,"column":6},"end":{"line":102,"column":53}},"type":"if","locations":[{"start":{"line":102,"column":6},"end":{"line":102,"column":53}},{"start":{"line":102,"column":6},"end":{"line":102,"column":53}}],"line":102},"4":{"loc":{"start":{"line":103,"column":6},"end":{"line":103,"column":53}},"type":"if","locations":[{"start":{"line":103,"column":6},"end":{"line":103,"column":53}},{"start":{"line":103,"column":6},"end":{"line":103,"column":53}}],"line":103},"5":{"loc":{"start":{"line":114,"column":18},"end":{"line":114,"column":87}},"type":"cond-expr","locations":[{"start":{"line":114,"column":54},"end":{"line":114,"column":83}},{"start":{"line":114,"column":86},"end":{"line":114,"column":87}}],"line":114},"6":{"loc":{"start":{"line":115,"column":16},"end":{"line":115,"column":93}},"type":"cond-expr","locations":[{"start":{"line":115,"column":54},"end":{"line":115,"column":83}},{"start":{"line":115,"column":86},"end":{"line":115,"column":93}}],"line":115},"7":{"loc":{"start":{"line":119,"column":18},"end":{"line":119,"column":62}},"type":"binary-expr","locations":[{"start":{"line":119,"column":18},"end":{"line":119,"column":56}},{"start":{"line":119,"column":60},"end":{"line":119,"column":62}}],"line":119},"8":{"loc":{"start":{"line":125,"column":6},"end":{"line":127,"column":7}},"type":"if","locations":[{"start":{"line":125,"column":6},"end":{"line":127,"column":7}},{"start":{"line":125,"column":6},"end":{"line":127,"column":7}}],"line":125}},"s":{"0":1,"1":1,"2":1,"3":1,"4":1,"5":1,"6":2,"7":2,"8":2,"9":0,"10":0,"11":0,"12":2,"13":2,"14":2,"15":0,"16":0,"17":0,"18":0,"19":2,"20":0,"21":0,"22":0,"23":0,"24":0,"25":0,"26":0,"27":0,"28":0,"29":0,"30":0,"31":2,"32":0,"33":0,"34":0,"35":0,"36":0,"37":0,"38":0,"39":0,"40":0,"41":0,"42":0,"43":0,"44":0,"45":0,"46":0,"47":0,"48":0,"49":0,"50":0,"51":0,"52":0,"53":2,"54":2,"55":2,"56":2,"57":2,"58":2,"59":2,"60":22,"61":22,"62":2,"63":22,"64":2,"65":1},"f":{"0":2,"1":0,"2":2,"3":2,"4":0,"5":0,"6":0,"7":0,"8":22},"b":{"0":[0,2],"1":[0,0],"2":[0,0],"3":[0,0],"4":[0,0],"5":[2,0],"6":[2,0],"7":[2,0],"8":[2,20]},"_coverageSchema":"332fd63041d2c1bcb487cc26dd0d5f7d97098a6c","hash":"2c31ced022d7df6abfe170a4cafa68d210f67ed3"}
,"/Users/liaohuanyu/项目/效率工具/taro/taro-x/__mock__/styleMock.js": {"path":"/Users/liaohuanyu/项目/效率工具/taro/taro-x/__mock__/styleMock.js","statementMap":{"0":{"start":{"line":1,"column":0},"end":{"line":1,"column":19}}},"fnMap":{},"branchMap":{},"s":{"0":3},"f":{},"b":{},"_coverageSchema":"332fd63041d2c1bcb487cc26dd0d5f7d97098a6c","hash":"73e33ea3b8a8a90ece17e6f4fcba4cc58a32da62"}
}
