TN:
SF:/Users/liaohuanyu/项目/效率工具/taro/taro-x/.temp/common/component.js
FN:10,(anonymous_0)
FN:13,(anonymous_1)
FN:31,(anonymous_2)
FNF:3
FNH:3
FNDA:4,(anonymous_0)
FNDA:2,(anonymous_1)
FNDA:2,(anonymous_2)
DA:10,3
DA:11,4
DA:12,2
DA:13,2
DA:15,2
DA:16,2
DA:18,2
DA:19,2
DA:20,0
DA:22,2
DA:32,2
DA:33,0
DA:35,2
DA:38,3
LF:14
LH:12
BRDA:11,0,0,2
BRDA:11,0,1,2
BRDA:11,1,0,4
BRDA:11,1,1,2
BRDA:19,2,0,0
BRDA:19,2,1,2
BRDA:19,3,0,2
BRDA:19,3,1,0
BRDA:32,4,0,0
BRDA:32,4,1,2
BRDA:32,5,0,2
BRDA:32,5,1,2
BRDA:32,5,2,2
BRDA:32,5,3,0
BRF:14
BRH:10
end_of_record
TN:
SF:/Users/liaohuanyu/项目/效率工具/taro/taro-x/.temp/common/utils.js
FN:3,delay
FN:4,(anonymous_1)
FN:6,(anonymous_2)
FN:14,delayQuerySelector
FN:17,(anonymous_4)
FN:18,(anonymous_5)
FN:19,(anonymous_6)
FN:25,delayGetScrollOffset
FN:26,(anonymous_8)
FN:27,(anonymous_9)
FN:28,(anonymous_10)
FN:34,delayGetClientRect
FN:37,(anonymous_12)
FN:38,(anonymous_13)
FN:39,(anonymous_14)
FN:45,uuid
FN:71,getEventDetail
FN:138,initTestEnv
FN:143,isTest
FN:150,getScrollTop
FN:157,setScrollTop
FN:161,handleTouchScroll
FN:180,pxTransform
FN:189,(anonymous_23)
FN:195,(anonymous_24)
FNF:25
FNH:1
FNDA:0,delay
FNDA:0,(anonymous_1)
FNDA:0,(anonymous_2)
FNDA:0,delayQuerySelector
FNDA:0,(anonymous_4)
FNDA:0,(anonymous_5)
FNDA:0,(anonymous_6)
FNDA:0,delayGetScrollOffset
FNDA:0,(anonymous_8)
FNDA:0,(anonymous_9)
FNDA:0,(anonymous_10)
FNDA:0,delayGetClientRect
FNDA:0,(anonymous_12)
FNDA:0,(anonymous_13)
FNDA:0,(anonymous_14)
FNDA:0,uuid
FNDA:0,getEventDetail
FNDA:1,initTestEnv
FNDA:0,isTest
FNDA:0,getScrollTop
FNDA:0,setScrollTop
FNDA:0,handleTouchScroll
FNDA:0,pxTransform
FNDA:0,(anonymous_23)
FNDA:0,(anonymous_24)
DA:2,2
DA:4,0
DA:5,0
DA:6,0
DA:7,0
DA:9,0
DA:11,0
DA:15,0
DA:16,0
DA:17,0
DA:18,0
DA:19,0
DA:20,0
DA:26,0
DA:27,0
DA:28,0
DA:29,0
DA:35,0
DA:36,0
DA:37,0
DA:38,0
DA:39,0
DA:40,0
DA:46,0
DA:47,0
DA:48,0
DA:49,0
DA:50,0
DA:52,0
DA:58,0
DA:59,0
DA:62,0
DA:63,0
DA:64,0
DA:65,0
DA:69,0
DA:73,0
DA:75,0
DA:85,0
DA:87,0
DA:97,0
DA:99,0
DA:109,0
DA:111,0
DA:121,0
DA:123,0
DA:133,0
DA:134,0
DA:136,0
DA:139,1
DA:140,1
DA:144,0
DA:146,2
DA:151,0
DA:152,0
DA:158,0
DA:159,0
DA:162,0
DA:163,0
DA:165,0
DA:167,0
DA:169,0
DA:171,0
DA:173,0
DA:174,0
DA:177,0
DA:181,0
DA:182,0
DA:189,2
DA:190,0
DA:191,0
DA:192,0
DA:193,0
DA:195,2
DA:196,0
DA:197,0
DA:199,0
LF:77
LH:6
BRDA:3,0,0,0
BRDA:5,1,0,0
BRDA:5,1,1,0
BRDA:14,2,0,0
BRDA:15,3,0,0
BRDA:15,3,1,0
BRDA:25,4,0,0
BRDA:34,5,0,0
BRDA:35,6,0,0
BRDA:35,6,1,0
BRDA:35,7,0,0
BRDA:35,7,1,0
BRDA:45,8,0,0
BRDA:45,9,0,0
BRDA:49,10,0,0
BRDA:49,10,1,0
BRDA:50,11,0,0
BRDA:50,11,1,0
BRDA:63,12,0,0
BRDA:63,12,1,0
BRDA:65,13,0,0
BRDA:65,13,1,0
BRDA:73,14,0,0
BRDA:73,14,1,0
BRDA:73,14,2,0
BRDA:73,14,3,0
BRDA:73,14,4,0
BRDA:139,15,0,1
BRDA:139,15,1,0
BRDA:151,16,0,0
BRDA:151,16,1,0
BRDA:162,17,0,0
BRDA:162,17,1,0
BRDA:165,18,0,0
BRDA:165,18,1,0
BRDA:181,19,0,0
BRDA:181,19,1,0
BRDA:189,20,0,0
BRF:38
BRH:1
end_of_record
TN:
SF:/Users/liaohuanyu/项目/效率工具/taro/taro-x/.temp/components/avatar/index.js
FN:12,(anonymous_0)
FN:18,(anonymous_1)
FNF:2
FNH:2
FNDA:6,(anonymous_0)
FNDA:6,(anonymous_1)
DA:6,1
DA:13,6
DA:14,6
DA:19,6
DA:20,6
DA:21,6
DA:22,6
DA:26,6
DA:27,6
DA:29,6
DA:30,0
DA:31,6
DA:32,1
DA:34,5
DA:36,6
DA:41,1
LF:16
LH:15
BRDA:21,0,0,6
BRDA:21,0,1,0
BRDA:27,1,0,1
BRDA:27,1,1,5
BRDA:29,2,0,0
BRDA:29,2,1,6
BRDA:29,3,0,6
BRDA:29,3,1,0
BRDA:29,3,2,0
BRDA:31,4,0,1
BRDA:31,4,1,5
BRF:11
BRH:7
end_of_record
TN:
SF:/Users/liaohuanyu/项目/效率工具/taro/taro-x/.temp/components/divider/index.js
FN:9,(anonymous_0)
FN:13,(anonymous_1)
FN:16,(anonymous_2)
FN:45,(anonymous_3)
FNF:4
FNH:3
FNDA:2,(anonymous_0)
FNDA:1,(anonymous_1)
FNDA:2,(anonymous_2)
FNDA:0,(anonymous_3)
DA:7,1
DA:10,2
DA:11,2
DA:14,1
DA:17,2
DA:18,2
DA:21,2
DA:25,2
DA:29,2
DA:30,2
DA:38,1
LF:11
LH:11
BRDA:14,0,0,1
BRDA:14,0,1,1
BRDA:19,1,0,0
BRDA:19,1,1,2
BRDA:23,2,0,1
BRDA:23,2,1,1
BRDA:30,3,0,2
BRDA:30,3,1,2
BRDA:32,4,0,0
BRDA:32,4,1,2
BRF:10
BRH:8
end_of_record
TN:
SF:/Users/liaohuanyu/项目/效率工具/taro/taro-x/.temp/components/picker/date.js
FN:9,verifyDate
FN:21,getMaxDay
FNF:2
FNH:2
FNDA:6,verifyDate
FNDA:2,getMaxDay
DA:10,6
DA:11,0
DA:12,0
DA:22,2
DA:23,2
DA:24,0
DA:26,2
LF:7
LH:4
BRDA:10,0,0,6
BRDA:10,0,1,0
BRDA:12,1,0,0
BRDA:12,1,1,0
BRDA:22,2,0,0
BRDA:22,2,1,2
BRDA:22,3,0,2
BRDA:22,3,1,2
BRDA:22,3,2,2
BRDA:22,3,3,2
BRDA:23,4,0,0
BRDA:23,4,1,2
BRDA:24,5,0,0
BRDA:24,5,1,0
BRDA:24,6,0,0
BRDA:24,6,1,0
BRDA:24,6,2,0
BRF:17
BRH:7
end_of_record
TN:
SF:/Users/liaohuanyu/项目/效率工具/taro/taro-x/.temp/components/picker/index.js
FN:16,(anonymous_0)
FN:32,(anonymous_1)
FN:65,(anonymous_2)
FN:77,(anonymous_3)
FN:86,(anonymous_4)
FN:96,(anonymous_5)
FN:116,(anonymous_6)
FN:127,(anonymous_7)
FN:154,(anonymous_8)
FN:173,(anonymous_9)
FN:179,(anonymous_10)
FN:182,(anonymous_11)
FN:195,(anonymous_12)
FN:217,(anonymous_13)
FN:218,(anonymous_14)
FNF:15
FNH:10
FNDA:2,(anonymous_0)
FNDA:2,(anonymous_1)
FNDA:0,(anonymous_2)
FNDA:1,(anonymous_3)
FNDA:6,(anonymous_4)
FNDA:2,(anonymous_5)
FNDA:2,(anonymous_6)
FNDA:2,(anonymous_7)
FNDA:2,(anonymous_8)
FNDA:1,(anonymous_9)
FNDA:0,(anonymous_10)
FNDA:0,(anonymous_11)
FNDA:2,(anonymous_12)
FNDA:0,(anonymous_13)
FNDA:0,(anonymous_14)
DA:17,2
DA:22,2
DA:23,2
DA:24,2
DA:25,2
DA:33,2
DA:35,2
DA:37,2
DA:39,2
DA:40,2
DA:42,2
DA:43,2
DA:44,2
DA:46,2
DA:47,2
DA:48,2
DA:49,2
DA:50,2
DA:51,2
DA:52,2
DA:60,0
DA:63,2
DA:66,0
DA:67,0
DA:68,0
DA:69,0
DA:71,0
DA:72,0
DA:78,1
DA:79,1
DA:81,0
DA:87,6
DA:88,6
DA:89,2146
DA:91,6
DA:97,2
DA:98,2
DA:100,2
DA:102,0
DA:103,0
DA:104,2
DA:105,0
DA:106,0
DA:107,2
DA:108,0
DA:109,0
DA:111,2
DA:117,2
DA:118,2
DA:119,2
DA:120,0
DA:122,2
DA:123,0
DA:125,2
DA:128,2
DA:129,2
DA:132,2
DA:133,2
DA:134,2
DA:135,2
DA:136,2
DA:138,2
DA:155,2
DA:156,2
DA:158,2
DA:159,0
DA:161,0
DA:163,0
DA:166,0
DA:168,0
DA:170,0
DA:174,1
DA:177,1
DA:180,0
DA:183,0
DA:184,0
DA:185,0
DA:186,0
DA:187,0
DA:188,0
DA:189,0
DA:190,0
DA:191,0
DA:193,0
DA:196,2
DA:198,2
DA:200,2
DA:201,2
DA:202,2
DA:203,2
DA:204,0
DA:205,0
DA:207,0
DA:211,1
LF:94
LH:58
BRDA:32,0,0,2
BRDA:35,1,0,0
BRDA:35,2,0,0
BRDA:42,3,0,2
BRDA:42,3,1,0
BRDA:43,4,0,2
BRDA:43,4,1,0
BRDA:44,5,0,2
BRDA:44,5,1,0
BRDA:46,6,0,2
BRDA:46,6,1,0
BRDA:46,7,0,2
BRDA:46,7,1,2
BRDA:51,8,0,2
BRDA:51,8,1,0
BRDA:51,9,0,2
BRDA:51,9,1,0
BRDA:51,9,2,0
BRDA:51,9,3,0
BRDA:68,10,0,0
BRDA:68,10,1,0
BRDA:71,11,0,0
BRDA:71,11,1,0
BRDA:78,12,0,1
BRDA:78,12,1,0
BRDA:86,13,0,0
BRDA:96,14,0,0
BRDA:100,15,0,0
BRDA:100,15,1,2
BRDA:104,16,0,0
BRDA:104,16,1,2
BRDA:107,17,0,0
BRDA:107,17,1,2
BRDA:116,18,0,0
BRDA:119,19,0,0
BRDA:119,19,1,2
BRDA:119,20,0,2
BRDA:119,20,1,0
BRDA:122,21,0,0
BRDA:122,21,1,2
BRDA:122,22,0,2
BRDA:122,22,1,0
BRDA:147,23,0,2
BRDA:147,23,1,2
BRDA:147,23,2,2
BRDA:148,24,0,2
BRDA:148,24,1,0
BRDA:148,24,2,0
BRDA:149,25,0,2
BRDA:149,25,1,0
BRDA:149,25,2,0
BRDA:156,26,0,2
BRDA:156,26,1,0
BRDA:159,27,0,0
BRDA:159,27,1,0
BRDA:186,28,0,0
BRDA:186,28,1,0
BRDA:188,29,0,0
BRDA:188,29,1,0
BRDA:190,30,0,0
BRDA:190,30,1,0
BRDA:202,31,0,2
BRDA:202,31,1,0
BRDA:204,32,0,0
BRDA:204,32,1,0
BRF:65
BRH:24
end_of_record
TN:
SF:/Users/liaohuanyu/项目/效率工具/taro/taro-x/.temp/components/picker/pick-group/index.js
FN:17,(anonymous_0)
FN:24,(anonymous_1)
FN:32,(anonymous_2)
FN:39,(anonymous_3)
FN:40,(anonymous_4)
FN:47,(anonymous_5)
FN:67,(anonymous_6)
FN:75,(anonymous_7)
FN:121,(anonymous_8)
FNF:9
FNH:4
FNDA:2,(anonymous_0)
FNDA:0,(anonymous_1)
FNDA:2,(anonymous_2)
FNDA:2,(anonymous_3)
FNDA:0,(anonymous_4)
FNDA:0,(anonymous_5)
FNDA:0,(anonymous_6)
FNDA:0,(anonymous_7)
FNDA:22,(anonymous_8)
DA:7,1
DA:8,1
DA:9,1
DA:10,1
DA:13,1
DA:14,1
DA:18,2
DA:19,2
DA:20,2
DA:26,0
DA:27,0
DA:28,0
DA:34,2
DA:35,2
DA:40,2
DA:41,0
DA:43,0
DA:44,0
DA:45,0
DA:47,2
DA:52,0
DA:54,0
DA:56,0
DA:58,0
DA:60,0
DA:62,0
DA:64,0
DA:67,0
DA:68,0
DA:73,0
DA:75,2
DA:76,0
DA:77,0
DA:78,0
DA:79,0
DA:80,0
DA:81,0
DA:82,0
DA:83,0
DA:86,0
DA:91,0
DA:94,0
DA:95,0
DA:98,0
DA:102,0
DA:103,0
DA:105,0
DA:106,0
DA:108,0
DA:109,0
DA:113,2
DA:114,2
DA:115,2
DA:116,2
DA:117,2
DA:119,2
DA:121,2
DA:122,22
DA:125,22
DA:126,2
DA:128,22
DA:131,2
DA:142,1
LF:63
LH:27
BRDA:34,0,0,0
BRDA:34,0,1,2
BRDA:64,1,0,0
BRDA:64,1,1,0
BRDA:86,2,0,0
BRDA:86,2,1,0
BRDA:102,3,0,0
BRDA:102,3,1,0
BRDA:103,4,0,0
BRDA:103,4,1,0
BRDA:114,5,0,2
BRDA:114,5,1,0
BRDA:115,6,0,2
BRDA:115,6,1,0
BRDA:119,7,0,2
BRDA:119,7,1,0
BRDA:125,8,0,2
BRDA:125,8,1,20
BRF:18
BRH:6
end_of_record
TN:
SF:/Users/liaohuanyu/项目/效率工具/taro/taro-x/__mock__/styleMock.js
FNF:0
FNH:0
DA:1,3
LF:1
LH:1
BRF:0
BRH:0
end_of_record
